[Mon Apr 06 19:51:18.267990 2020] [wsgi:error] [pid 17762:tid 1964696608] data =11111111
[Mon Apr 06 19:51:18.268732 2020] [wsgi:error] [pid 17762:tid 1964696608] data =11111111
[Mon Apr 06 19:51:18.351434 2020] [wsgi:error] [pid 17762:tid 1964696608] ['poutre', 'projo_poutres', '', '1(1)', '']
[Mon Apr 06 19:51:18.352094 2020] [wsgi:error] [pid 17762:tid 1964696608] poutre
[Mon Apr 06 19:51:18.352279 2020] [wsgi:error] [pid 17762:tid 1964696608] poutre
[Mon Apr 06 19:51:18.352756 2020] [wsgi:error] [pid 17762:tid 1964696608] poutre
[Mon Apr 06 19:51:18.352880 2020] [wsgi:error] [pid 17762:tid 1964696608] poutre
[Mon Apr 06 19:51:18.353203 2020] [wsgi:error] [pid 17762:tid 1964696608] ['boutons_html', 'On']
[Mon Apr 06 19:51:18.353272 2020] [wsgi:error] [pid 17762:tid 1964696608] ['normal', 'normal_01']
[Mon Apr 06 19:51:18.353360 2020] [wsgi:error] [pid 17762:tid 1964696608] ['soir\xc3\xa9e', 'soiree_01']
[Mon Apr 06 19:51:18.353539 2020] [wsgi:error] [pid 17762:tid 1964696608] eteindre
[Mon Apr 06 19:51:18.353645 2020] [wsgi:error] [pid 17762:tid 1964696608] projo =  poutre  | dimmeur =  0  | duree =  3
[Mon Apr 06 19:51:18.353726 2020] [wsgi:error] [pid 17762:tid 1964696608] eteindre
[Mon Apr 06 19:51:18.353875 2020] [wsgi:error] [pid 17762:tid 1964696608] projo =  poutre  | dimmeur =  0  | duree =  3
[Mon Apr 06 19:51:18.353925 2020] [wsgi:error] [pid 17762:tid 1964696608] allumer
[Mon Apr 06 19:51:18.354016 2020] [wsgi:error] [pid 17762:tid 1964696608] projo =  poutre  | dimmeur =  50  | duree =  3
[Mon Apr 06 19:51:18.354120 2020] [wsgi:error] [pid 17762:tid 1964696608] eteindre
[Mon Apr 06 19:51:18.354228 2020] [wsgi:error] [pid 17762:tid 1964696608] projo =  poutre  | dimmeur =  0  | duree =  3
[Mon Apr 06 19:51:18.354273 2020] [wsgi:error] [pid 17762:tid 1964696608] allumer
[Mon Apr 06 19:51:18.354363 2020] [wsgi:error] [pid 17762:tid 1964696608] projo =  poutre  | dimmeur =  50  | duree =  3
[Mon Apr 06 19:51:18.354407 2020] [wsgi:error] [pid 17762:tid 1964696608] d\xc3\xa9co1
[Mon Apr 06 19:51:18.354449 2020] [wsgi:error] [pid 17762:tid 1964696608] fin env
[Mon Apr 06 19:51:18.354864 2020] [wsgi:error] [pid 17762:tid 1964696608] ['led_escalier_haut', 'led_2_branches', '4(1)', '', 'be:ff:f0:00:eb:3f']
[Mon Apr 06 19:51:18.354929 2020] [wsgi:error] [pid 17762:tid 1964696608] ['4', '1']
[Mon Apr 06 19:51:18.355090 2020] [wsgi:error] [pid 17762:tid 1964696608] ['led_escalier_bas', 'led_2_branche', '4(1)', '', 'be:ff:40:00:f0:60']
[Mon Apr 06 19:51:18.355147 2020] [wsgi:error] [pid 17762:tid 1964696608] ['4', '1']
[Mon Apr 06 19:51:18.355249 2020] [wsgi:error] [pid 17762:tid 1964696608] ['projo_43', 'lampe_on_off', '2(2)', '', '']
[Mon Apr 06 19:51:18.355302 2020] [wsgi:error] [pid 17762:tid 1964696608] ['2', '2']
[Mon Apr 06 19:51:18.355397 2020] [wsgi:error] [pid 17762:tid 1964696608] ['projo_44', 'lampe_on_off', '1(2)', '', '']
[Mon Apr 06 19:51:18.355453 2020] [wsgi:error] [pid 17762:tid 1964696608] ['1', '2']
[Mon Apr 06 19:51:18.355537 2020] [wsgi:error] [pid 17762:tid 1964696608] ['projo_45', 'lampe_on_off', '6(1)', '', '']
[Mon Apr 06 19:51:18.355592 2020] [wsgi:error] [pid 17762:tid 1964696608] ['6', '1']
[Mon Apr 06 19:51:18.356186 2020] [wsgi:error] [pid 17762:tid 1964696608] led_escalier_haut
[Mon Apr 06 19:51:18.356313 2020] [wsgi:error] [pid 17762:tid 1964696608] led_escalier_bas
[Mon Apr 06 19:51:18.356412 2020] [wsgi:error] [pid 17762:tid 1964696608] projo_45
[Mon Apr 06 19:51:18.356513 2020] [wsgi:error] [pid 17762:tid 1964696608] projo_44
[Mon Apr 06 19:51:18.356603 2020] [wsgi:error] [pid 17762:tid 1964696608] projo_43
[Mon Apr 06 19:51:18.356727 2020] [wsgi:error] [pid 17762:tid 1964696608] projo_43
[Mon Apr 06 19:51:18.356819 2020] [wsgi:error] [pid 17762:tid 1964696608] projo_44
[Mon Apr 06 19:51:18.356908 2020] [wsgi:error] [pid 17762:tid 1964696608] projo_45
[Mon Apr 06 19:51:18.356998 2020] [wsgi:error] [pid 17762:tid 1964696608] led_escalier_haut
[Mon Apr 06 19:51:18.357089 2020] [wsgi:error] [pid 17762:tid 1964696608] led_escalier_bas
[Mon Apr 06 19:51:18.358352 2020] [wsgi:error] [pid 17762:tid 1964696608] ['boutons_html', 'Off']
[Mon Apr 06 19:51:18.358493 2020] [wsgi:error] [pid 17762:tid 1964696608] ['normal', 'normal_01']
[Mon Apr 06 19:51:18.358579 2020] [wsgi:error] [pid 17762:tid 1964696608] ['soir\xc3\xa9e', 'soiree_01']
[Mon Apr 06 19:51:18.358747 2020] [wsgi:error] [pid 17762:tid 1964696608] eteindre
[Mon Apr 06 19:51:18.358884 2020] [wsgi:error] [pid 17762:tid 1964696608] led =  led_escalier_haut  | dimmeur =  0  | duree =  5  | couleur =  0x000000
[Mon Apr 06 19:51:18.358998 2020] [wsgi:error] [pid 17762:tid 1964696608] led =  led_escalier_bas  | dimmeur =  0  | duree =  5  | couleur =  0x000000
[Mon Apr 06 19:51:18.359089 2020] [wsgi:error] [pid 17762:tid 1964696608] projo =  projo_45  | dimmeur =  0  | duree =  0
[Mon Apr 06 19:51:18.359174 2020] [wsgi:error] [pid 17762:tid 1964696608] projo =  projo_44  | dimmeur =  0  | duree =  0
[Mon Apr 06 19:51:18.359260 2020] [wsgi:error] [pid 17762:tid 1964696608] projo =  projo_43  | dimmeur =  0  | duree =  0
[Mon Apr 06 19:51:18.359341 2020] [wsgi:error] [pid 17762:tid 1964696608] eteindre
[Mon Apr 06 19:51:18.359457 2020] [wsgi:error] [pid 17762:tid 1964696608] led =  led_escalier_haut  | dimmeur =  0  | duree =  5  | couleur =  0x000000
[Mon Apr 06 19:51:18.359570 2020] [wsgi:error] [pid 17762:tid 1964696608] led =  led_escalier_bas  | dimmeur =  0  | duree =  5  | couleur =  0x000000
[Mon Apr 06 19:51:18.359656 2020] [wsgi:error] [pid 17762:tid 1964696608] projo =  projo_45  | dimmeur =  0  | duree =  0
[Mon Apr 06 19:51:18.359741 2020] [wsgi:error] [pid 17762:tid 1964696608] projo =  projo_44  | dimmeur =  0  | duree =  0
[Mon Apr 06 19:51:18.359827 2020] [wsgi:error] [pid 17762:tid 1964696608] projo =  projo_43  | dimmeur =  0  | duree =  0
[Mon Apr 06 19:51:18.359871 2020] [wsgi:error] [pid 17762:tid 1964696608] allumer
[Mon Apr 06 19:51:18.359961 2020] [wsgi:error] [pid 17762:tid 1964696608] projo =  projo_43  | dimmeur =  100  | duree =  0
[Mon Apr 06 19:51:18.360048 2020] [wsgi:error] [pid 17762:tid 1964696608] projo =  projo_44  | dimmeur =  100  | duree =  0
[Mon Apr 06 19:51:18.360133 2020] [wsgi:error] [pid 17762:tid 1964696608] projo =  projo_45  | dimmeur =  100  | duree =  0
[Mon Apr 06 19:51:18.360245 2020] [wsgi:error] [pid 17762:tid 1964696608] led =  led_escalier_haut  | dimmeur =  100  | duree =  2  | couleur =  0xff0000
[Mon Apr 06 19:51:18.360356 2020] [wsgi:error] [pid 17762:tid 1964696608] led =  led_escalier_bas  | dimmeur =  100  | duree =  2  | couleur =  0xff0000
[Mon Apr 06 19:51:18.360434 2020] [wsgi:error] [pid 17762:tid 1964696608] eteindre
[Mon Apr 06 19:51:18.360547 2020] [wsgi:error] [pid 17762:tid 1964696608] led =  led_escalier_haut  | dimmeur =  0  | duree =  5  | couleur =  0x000000
[Mon Apr 06 19:51:18.360657 2020] [wsgi:error] [pid 17762:tid 1964696608] led =  led_escalier_bas  | dimmeur =  0  | duree =  5  | couleur =  0x000000
[Mon Apr 06 19:51:18.360744 2020] [wsgi:error] [pid 17762:tid 1964696608] projo =  projo_45  | dimmeur =  0  | duree =  0
[Mon Apr 06 19:51:18.360829 2020] [wsgi:error] [pid 17762:tid 1964696608] projo =  projo_44  | dimmeur =  0  | duree =  0
[Mon Apr 06 19:51:18.360913 2020] [wsgi:error] [pid 17762:tid 1964696608] projo =  projo_43  | dimmeur =  0  | duree =  0
[Mon Apr 06 19:51:18.360958 2020] [wsgi:error] [pid 17762:tid 1964696608] allumer
[Mon Apr 06 19:51:18.361046 2020] [wsgi:error] [pid 17762:tid 1964696608] projo =  projo_43  | dimmeur =  100  | duree =  0
[Mon Apr 06 19:51:18.361133 2020] [wsgi:error] [pid 17762:tid 1964696608] projo =  projo_44  | dimmeur =  100  | duree =  0
[Mon Apr 06 19:51:18.361219 2020] [wsgi:error] [pid 17762:tid 1964696608] projo =  projo_45  | dimmeur =  100  | duree =  0
[Mon Apr 06 19:51:18.361330 2020] [wsgi:error] [pid 17762:tid 1964696608] led =  led_escalier_haut  | dimmeur =  100  | duree =  2  | couleur =  0xff0000
[Mon Apr 06 19:51:18.361440 2020] [wsgi:error] [pid 17762:tid 1964696608] led =  led_escalier_bas  | dimmeur =  100  | duree =  2  | couleur =  0xff0000
[Mon Apr 06 19:51:18.361486 2020] [wsgi:error] [pid 17762:tid 1964696608] d\xc3\xa9co1
[Mon Apr 06 19:51:18.361554 2020] [wsgi:error] [pid 17762:tid 1964696608] fin env
[Mon Apr 06 19:51:18.361953 2020] [wsgi:error] [pid 17762:tid 1964696608] ['led_fond_exte', 'led_2_branches', '3(1)', '', 'be:ff:80:01:2b:33']
[Mon Apr 06 19:51:18.362017 2020] [wsgi:error] [pid 17762:tid 1964696608] ['3', '1']
[Mon Apr 06 19:51:18.362168 2020] [wsgi:error] [pid 17762:tid 1964696608] ['led_fond_inte', 'led_2_branches', '3(1)', '', 'be:ff:f0:00:ea:c2']
[Mon Apr 06 19:51:18.362240 2020] [wsgi:error] [pid 17762:tid 1964696608] ['3', '1']
[Mon Apr 06 19:51:18.363431 2020] [wsgi:error] [pid 17762:tid 1964696608] ['boutons_html', 'On']
[Mon Apr 06 19:51:18.363515 2020] [wsgi:error] [pid 17762:tid 1964696608] ['normal', 'normal_01']
[Mon Apr 06 19:51:18.363600 2020] [wsgi:error] [pid 17762:tid 1964696608] ['soir\xc3\xa9e', 'soiree_01']
[Mon Apr 06 19:51:18.363756 2020] [wsgi:error] [pid 17762:tid 1964696608] eteindre
[Mon Apr 06 19:51:18.363888 2020] [wsgi:error] [pid 17762:tid 1964696608] eteindre
[Mon Apr 06 19:51:18.363945 2020] [wsgi:error] [pid 17762:tid 1964696608] allumer
[Mon Apr 06 19:51:18.364023 2020] [wsgi:error] [pid 17762:tid 1964696608] eteindre
[Mon Apr 06 19:51:18.364072 2020] [wsgi:error] [pid 17762:tid 1964696608] allumer
[Mon Apr 06 19:51:18.364118 2020] [wsgi:error] [pid 17762:tid 1964696608] d\xc3\xa9co1
[Mon Apr 06 19:51:18.364158 2020] [wsgi:error] [pid 17762:tid 1964696608] fin env
[Mon Apr 06 19:51:18.364566 2020] [wsgi:error] [pid 17762:tid 1964696608] ['led_escalier_haut', 'led_2_branches', '4(1)', '', 'be:ff:f0:00:eb:3f']
[Mon Apr 06 19:51:18.364629 2020] [wsgi:error] [pid 17762:tid 1964696608] ['4', '1']
[Mon Apr 06 19:51:18.364756 2020] [wsgi:error] [pid 17762:tid 1964696608] ['led_escalier_bas', 'led_2_branche', '4(1)', '', 'be:ff:40:00:f0:60']
[Mon Apr 06 19:51:18.364813 2020] [wsgi:error] [pid 17762:tid 1964696608] ['4', '1']
[Mon Apr 06 19:51:18.365372 2020] [wsgi:error] [pid 17762:tid 1964696608] led_escalier_haut
[Mon Apr 06 19:51:18.365491 2020] [wsgi:error] [pid 17762:tid 1964696608] led_escalier_bas
[Mon Apr 06 19:51:18.365633 2020] [wsgi:error] [pid 17762:tid 1964696608] led_escalier_haut
[Mon Apr 06 19:51:18.365727 2020] [wsgi:error] [pid 17762:tid 1964696608] led_escalier_bas
[Mon Apr 06 19:51:18.366432 2020] [wsgi:error] [pid 17762:tid 1964696608] ['boutons_html', 'On']
[Mon Apr 06 19:51:18.366508 2020] [wsgi:error] [pid 17762:tid 1964696608] ['normal', 'normal_01']
[Mon Apr 06 19:51:18.366589 2020] [wsgi:error] [pid 17762:tid 1964696608] ['soir\xc3\xa9e', 'soiree_01']
[Mon Apr 06 19:51:18.366747 2020] [wsgi:error] [pid 17762:tid 1964696608] eteindre
[Mon Apr 06 19:51:18.366878 2020] [wsgi:error] [pid 17762:tid 1964696608] led =  led_escalier_haut  | dimmeur =  0  | duree =  2  | couleur =  0x000000
[Mon Apr 06 19:51:18.366993 2020] [wsgi:error] [pid 17762:tid 1964696608] led =  led_escalier_bas  | dimmeur =  0  | duree =  2  | couleur =  0x000000
[Mon Apr 06 19:51:18.367074 2020] [wsgi:error] [pid 17762:tid 1964696608] eteindre
[Mon Apr 06 19:51:18.367189 2020] [wsgi:error] [pid 17762:tid 1964696608] led =  led_escalier_haut  | dimmeur =  0  | duree =  2  | couleur =  0x000000
[Mon Apr 06 19:51:18.367299 2020] [wsgi:error] [pid 17762:tid 1964696608] led =  led_escalier_bas  | dimmeur =  0  | duree =  2  | couleur =  0x000000
[Mon Apr 06 19:51:18.367346 2020] [wsgi:error] [pid 17762:tid 1964696608] allumer
[Mon Apr 06 19:51:18.367459 2020] [wsgi:error] [pid 17762:tid 1964696608] led =  led_escalier_haut  | dimmeur =  0  | duree =  2  | couleur =  0xff0000
[Mon Apr 06 19:51:18.367572 2020] [wsgi:error] [pid 17762:tid 1964696608] led =  led_escalier_bas  | dimmeur =  0  | duree =  2  | couleur =  0xfff000
[Mon Apr 06 19:51:18.367648 2020] [wsgi:error] [pid 17762:tid 1964696608] eteindre
[Mon Apr 06 19:51:18.367762 2020] [wsgi:error] [pid 17762:tid 1964696608] led =  led_escalier_haut  | dimmeur =  0  | duree =  2  | couleur =  0x000000
[Mon Apr 06 19:51:18.367874 2020] [wsgi:error] [pid 17762:tid 1964696608] led =  led_escalier_bas  | dimmeur =  0  | duree =  2  | couleur =  0x000000
[Mon Apr 06 19:51:18.367960 2020] [wsgi:error] [pid 17762:tid 1964696608] allumer
[Mon Apr 06 19:51:18.368074 2020] [wsgi:error] [pid 17762:tid 1964696608] led =  led_escalier_haut  | dimmeur =  0  | duree =  2  | couleur =  0xff0000
[Mon Apr 06 19:51:18.368184 2020] [wsgi:error] [pid 17762:tid 1964696608] led =  led_escalier_bas  | dimmeur =  0  | duree =  2  | couleur =  0xfff000
[Mon Apr 06 19:51:18.368230 2020] [wsgi:error] [pid 17762:tid 1964696608] d\xc3\xa9co1
[Mon Apr 06 19:51:18.368271 2020] [wsgi:error] [pid 17762:tid 1964696608] fin env
[Mon Apr 06 19:51:18.368717 2020] [wsgi:error] [pid 17762:tid 1964696608] ['led_mur_pierre_droite', 'led_1_branche', '5(1)', '', 'ff:ff:ab:01:d9:9d', '0x000000']
[Mon Apr 06 19:51:18.368783 2020] [wsgi:error] [pid 17762:tid 1964696608] ['5', '1']
[Mon Apr 06 19:51:18.368918 2020] [wsgi:error] [pid 17762:tid 1964696608] ['led_mur_pierre_gauche', 'led_1_branche', '5(1)', '', 'ff:ff:bc:01:a9:a5', '0x000000']
[Mon Apr 06 19:51:18.368975 2020] [wsgi:error] [pid 17762:tid 1964696608] ['5', '1']
[Mon Apr 06 19:51:18.369080 2020] [wsgi:error] [pid 17762:tid 1964696608] ['led_mur_pierre_haut', 'led_1_branche', '5(1)', '', 'ff:ff:fa:01:75:4c', '0x000000']
[Mon Apr 06 19:51:18.369135 2020] [wsgi:error] [pid 17762:tid 1964696608] ['5', '1']
[Mon Apr 06 19:51:18.369235 2020] [wsgi:error] [pid 17762:tid 1964696608] ['projo_32', 'projo_plafond', '', '2(1)', '']
[Mon Apr 06 19:51:18.369354 2020] [wsgi:error] [pid 17762:tid 1964696608] ['projo_33', 'projo_plafond', '', '3(1)', '']
[Mon Apr 06 19:51:18.369461 2020] [wsgi:error] [pid 17762:tid 1964696608] ['projo_34', 'projo_plafond', '', '4(1)', '']
[Mon Apr 06 19:51:18.369568 2020] [wsgi:error] [pid 17762:tid 1964696608] ['projo_28', 'projo_plafond', '', '6(1)', '']
[Mon Apr 06 19:51:18.369672 2020] [wsgi:error] [pid 17762:tid 1964696608] ['projo_30', 'projo_plafond', '', '7(1)', '']
[Mon Apr 06 19:51:18.369778 2020] [wsgi:error] [pid 17762:tid 1964696608] ['projo_26', 'projo_plafond', '', '8(1)', '']
[Mon Apr 06 19:51:18.369883 2020] [wsgi:error] [pid 17762:tid 1964696608] ['projo_36', 'projo_plafond', '', '1(2)', '']
[Mon Apr 06 19:51:18.369991 2020] [wsgi:error] [pid 17762:tid 1964696608] ['poutre_table_basse', 'projo_poutres', '7(1)', '2(2)', '']
[Mon Apr 06 19:51:18.370087 2020] [wsgi:error] [pid 17762:tid 1964696608] ['7', '1']
[Mon Apr 06 19:51:18.370766 2020] [wsgi:error] [pid 17762:tid 1964696608] projo_32
[Mon Apr 06 19:51:18.370882 2020] [wsgi:error] [pid 17762:tid 1964696608] projo_33
[Mon Apr 06 19:51:18.370971 2020] [wsgi:error] [pid 17762:tid 1964696608] projo_34
[Mon Apr 06 19:51:18.371058 2020] [wsgi:error] [pid 17762:tid 1964696608] projo_36
[Mon Apr 06 19:51:18.371147 2020] [wsgi:error] [pid 17762:tid 1964696608] projo_26
[Mon Apr 06 19:51:18.371235 2020] [wsgi:error] [pid 17762:tid 1964696608] projo_28
[Mon Apr 06 19:51:18.371323 2020] [wsgi:error] [pid 17762:tid 1964696608] projo_30
[Mon Apr 06 19:51:18.371410 2020] [wsgi:error] [pid 17762:tid 1964696608] poutre_table_basse
[Mon Apr 06 19:51:18.371529 2020] [wsgi:error] [pid 17762:tid 1964696608] projo_32
[Mon Apr 06 19:51:18.371619 2020] [wsgi:error] [pid 17762:tid 1964696608] projo_33
[Mon Apr 06 19:51:18.371708 2020] [wsgi:error] [pid 17762:tid 1964696608] projo_34
[Mon Apr 06 19:51:18.371794 2020] [wsgi:error] [pid 17762:tid 1964696608] projo_36
[Mon Apr 06 19:51:18.371882 2020] [wsgi:error] [pid 17762:tid 1964696608] projo_26
[Mon Apr 06 19:51:18.371972 2020] [wsgi:error] [pid 17762:tid 1964696608] projo_28
[Mon Apr 06 19:51:18.372058 2020] [wsgi:error] [pid 17762:tid 1964696608] projo_30
[Mon Apr 06 19:51:18.372147 2020] [wsgi:error] [pid 17762:tid 1964696608] poutre_table_basse
[Mon Apr 06 19:51:18.372861 2020] [wsgi:error] [pid 17762:tid 1964696608] ['boutons_html', 'On']
[Mon Apr 06 19:51:18.372939 2020] [wsgi:error] [pid 17762:tid 1964696608] ['normal', 'normal_01']
[Mon Apr 06 19:51:18.373019 2020] [wsgi:error] [pid 17762:tid 1964696608] ['soir\xc3\xa9e', 'soiree_01']
[Mon Apr 06 19:51:18.373177 2020] [wsgi:error] [pid 17762:tid 1964696608] eteindre
[Mon Apr 06 19:51:18.373279 2020] [wsgi:error] [pid 17762:tid 1964696608] projo =  projo_32  | dimmeur =  0  | duree =  5
[Mon Apr 06 19:51:18.373408 2020] [wsgi:error] [pid 17762:tid 1964696608] projo =  projo_33  | dimmeur =  0  | duree =  5
[Mon Apr 06 19:51:18.373493 2020] [wsgi:error] [pid 17762:tid 1964696608] projo =  projo_34  | dimmeur =  0  | duree =  5
[Mon Apr 06 19:51:18.373578 2020] [wsgi:error] [pid 17762:tid 1964696608] projo =  projo_36  | dimmeur =  0  | duree =  5
[Mon Apr 06 19:51:18.373662 2020] [wsgi:error] [pid 17762:tid 1964696608] projo =  projo_26  | dimmeur =  0  | duree =  5
[Mon Apr 06 19:51:18.373747 2020] [wsgi:error] [pid 17762:tid 1964696608] projo =  projo_28  | dimmeur =  0  | duree =  5
[Mon Apr 06 19:51:18.373894 2020] [wsgi:error] [pid 17762:tid 1964696608] projo =  projo_30  | dimmeur =  0  | duree =  5
[Mon Apr 06 19:51:18.373990 2020] [wsgi:error] [pid 17762:tid 1964696608] projo =  poutre_table_basse  | dimmeur =  0  | duree =  20
[Mon Apr 06 19:51:18.374079 2020] [wsgi:error] [pid 17762:tid 1964696608] eteindre
[Mon Apr 06 19:51:18.374168 2020] [wsgi:error] [pid 17762:tid 1964696608] projo =  projo_32  | dimmeur =  0  | duree =  5
[Mon Apr 06 19:51:18.374253 2020] [wsgi:error] [pid 17762:tid 1964696608] projo =  projo_33  | dimmeur =  0  | duree =  5
[Mon Apr 06 19:51:18.374338 2020] [wsgi:error] [pid 17762:tid 1964696608] projo =  projo_34  | dimmeur =  0  | duree =  5
[Mon Apr 06 19:51:18.374421 2020] [wsgi:error] [pid 17762:tid 1964696608] projo =  projo_36  | dimmeur =  0  | duree =  5
[Mon Apr 06 19:51:18.374506 2020] [wsgi:error] [pid 17762:tid 1964696608] projo =  projo_26  | dimmeur =  0  | duree =  5
[Mon Apr 06 19:51:18.374592 2020] [wsgi:error] [pid 17762:tid 1964696608] projo =  projo_28  | dimmeur =  0  | duree =  5
[Mon Apr 06 19:51:18.374675 2020] [wsgi:error] [pid 17762:tid 1964696608] projo =  projo_30  | dimmeur =  0  | duree =  5
[Mon Apr 06 19:51:18.374763 2020] [wsgi:error] [pid 17762:tid 1964696608] projo =  poutre_table_basse  | dimmeur =  0  | duree =  20
[Mon Apr 06 19:51:18.374807 2020] [wsgi:error] [pid 17762:tid 1964696608] allumer
[Mon Apr 06 19:51:18.374897 2020] [wsgi:error] [pid 17762:tid 1964696608] projo =  projo_32  | dimmeur =  20  | duree =  5
[Mon Apr 06 19:51:18.374983 2020] [wsgi:error] [pid 17762:tid 1964696608] projo =  projo_33  | dimmeur =  20  | duree =  5
[Mon Apr 06 19:51:18.375070 2020] [wsgi:error] [pid 17762:tid 1964696608] projo =  projo_34  | dimmeur =  20  | duree =  5
[Mon Apr 06 19:51:18.375153 2020] [wsgi:error] [pid 17762:tid 1964696608] projo =  projo_36  | dimmeur =  20  | duree =  5
[Mon Apr 06 19:51:18.375240 2020] [wsgi:error] [pid 17762:tid 1964696608] projo =  projo_26  | dimmeur =  20  | duree =  5
[Mon Apr 06 19:51:18.375326 2020] [wsgi:error] [pid 17762:tid 1964696608] projo =  projo_28  | dimmeur =  20  | duree =  5
[Mon Apr 06 19:51:18.375410 2020] [wsgi:error] [pid 17762:tid 1964696608] projo =  projo_30  | dimmeur =  20  | duree =  5
[Mon Apr 06 19:51:18.375497 2020] [wsgi:error] [pid 17762:tid 1964696608] projo =  poutre_table_basse  | dimmeur =  50  | duree =  20
[Mon Apr 06 19:51:18.375575 2020] [wsgi:error] [pid 17762:tid 1964696608] eteindre
[Mon Apr 06 19:51:18.375664 2020] [wsgi:error] [pid 17762:tid 1964696608] projo =  projo_32  | dimmeur =  0  | duree =  5
[Mon Apr 06 19:51:18.375749 2020] [wsgi:error] [pid 17762:tid 1964696608] projo =  projo_33  | dimmeur =  0  | duree =  5
[Mon Apr 06 19:51:18.375835 2020] [wsgi:error] [pid 17762:tid 1964696608] projo =  projo_34  | dimmeur =  0  | duree =  5
[Mon Apr 06 19:51:18.375918 2020] [wsgi:error] [pid 17762:tid 1964696608] projo =  projo_36  | dimmeur =  0  | duree =  5
[Mon Apr 06 19:51:18.376003 2020] [wsgi:error] [pid 17762:tid 1964696608] projo =  projo_26  | dimmeur =  0  | duree =  5
[Mon Apr 06 19:51:18.376089 2020] [wsgi:error] [pid 17762:tid 1964696608] projo =  projo_28  | dimmeur =  0  | duree =  5
[Mon Apr 06 19:51:18.376172 2020] [wsgi:error] [pid 17762:tid 1964696608] projo =  projo_30  | dimmeur =  0  | duree =  5
[Mon Apr 06 19:51:18.376259 2020] [wsgi:error] [pid 17762:tid 1964696608] projo =  poutre_table_basse  | dimmeur =  0  | duree =  20
[Mon Apr 06 19:51:18.376330 2020] [wsgi:error] [pid 17762:tid 1964696608] allumer
[Mon Apr 06 19:51:18.376419 2020] [wsgi:error] [pid 17762:tid 1964696608] projo =  projo_32  | dimmeur =  20  | duree =  5
[Mon Apr 06 19:51:18.376504 2020] [wsgi:error] [pid 17762:tid 1964696608] projo =  projo_33  | dimmeur =  20  | duree =  5
[Mon Apr 06 19:51:18.376590 2020] [wsgi:error] [pid 17762:tid 1964696608] projo =  projo_34  | dimmeur =  20  | duree =  5
[Mon Apr 06 19:51:18.376674 2020] [wsgi:error] [pid 17762:tid 1964696608] projo =  projo_36  | dimmeur =  20  | duree =  5
[Mon Apr 06 19:51:18.376759 2020] [wsgi:error] [pid 17762:tid 1964696608] projo =  projo_26  | dimmeur =  20  | duree =  5
[Mon Apr 06 19:51:18.376844 2020] [wsgi:error] [pid 17762:tid 1964696608] projo =  projo_28  | dimmeur =  20  | duree =  5
[Mon Apr 06 19:51:18.376928 2020] [wsgi:error] [pid 17762:tid 1964696608] projo =  projo_30  | dimmeur =  20  | duree =  5
[Mon Apr 06 19:51:18.377016 2020] [wsgi:error] [pid 17762:tid 1964696608] projo =  poutre_table_basse  | dimmeur =  50  | duree =  20
[Mon Apr 06 19:51:18.377063 2020] [wsgi:error] [pid 17762:tid 1964696608] d\xc3\xa9co1
[Mon Apr 06 19:51:18.377103 2020] [wsgi:error] [pid 17762:tid 1964696608] fin env
[Mon Apr 06 19:51:18.377554 2020] [wsgi:error] [pid 17762:tid 1964696608] escalier
[Mon Apr 06 19:51:18.377598 2020] [wsgi:error] [pid 17762:tid 1964696608] |bas_escalier_\xc3\xa9tage|1|escalier.allumer,escalier.eteindre
[Mon Apr 06 19:51:18.403125 2020] [wsgi:error] [pid 17762:tid 1964696608] modes : 
[Mon Apr 06 19:51:18.403252 2020] [wsgi:error] [pid 17762:tid 1964696608] normal
[Mon Apr 06 19:51:18.403294 2020] [wsgi:error] [pid 17762:tid 1964696608] soir\xc3\xa9e
[Mon Apr 06 19:51:18.403339 2020] [wsgi:error] [pid 17762:tid 1964696608] Environnements : 
[Mon Apr 06 19:51:18.403405 2020] [wsgi:error] [pid 17762:tid 1964696608] ----- Environnement bar -----
[Mon Apr 06 19:51:18.403448 2020] [wsgi:error] [pid 17762:tid 1964696608] ----- Lumi\xc3\xa8res -----
[Mon Apr 06 19:51:18.403495 2020] [wsgi:error] [pid 17762:tid 1964696608] nom = poutre
[Mon Apr 06 19:51:18.403530 2020] [wsgi:error] [pid 17762:tid 1964696608] ----- Presets -----
[Mon Apr 06 19:51:18.403576 2020] [wsgi:error] [pid 17762:tid 1964696608] Preset normal_01
[Mon Apr 06 19:51:18.403617 2020] [wsgi:error] [pid 17762:tid 1964696608] eteindre
[Mon Apr 06 19:51:18.403731 2020] [wsgi:error] [pid 17762:tid 1964696608] projo =  poutre  | dimmeur =  0  | duree =  3
[Mon Apr 06 19:51:18.403854 2020] [wsgi:error] [pid 17762:tid 1964696608] allumer
[Mon Apr 06 19:51:18.403955 2020] [wsgi:error] [pid 17762:tid 1964696608] projo =  poutre  | dimmeur =  50  | duree =  3
[Mon Apr 06 19:51:18.403993 2020] [wsgi:error] [pid 17762:tid 1964696608] d\xc3\xa9co1
[Mon Apr 06 19:51:18.404036 2020] [wsgi:error] [pid 17762:tid 1964696608] Preset soiree_01
[Mon Apr 06 19:51:18.404077 2020] [wsgi:error] [pid 17762:tid 1964696608] eteindre
[Mon Apr 06 19:51:18.404165 2020] [wsgi:error] [pid 17762:tid 1964696608] projo =  poutre  | dimmeur =  0  | duree =  10
[Mon Apr 06 19:51:18.404204 2020] [wsgi:error] [pid 17762:tid 1964696608] allumer
[Mon Apr 06 19:51:18.404293 2020] [wsgi:error] [pid 17762:tid 1964696608] projo =  poutre  | dimmeur =  50  | duree =  10
[Mon Apr 06 19:51:18.404331 2020] [wsgi:error] [pid 17762:tid 1964696608] d\xc3\xa9co1
[Mon Apr 06 19:51:18.404371 2020] [wsgi:error] [pid 17762:tid 1964696608] ----- Input -------
[Mon Apr 06 19:51:18.404410 2020] [wsgi:error] [pid 17762:tid 1964696608] --- Interrupteurs ---
[Mon Apr 06 19:51:18.404471 2020] [wsgi:error] [pid 17762:tid 1964696608] bas_escalier_\xc3\xa9tage : 1 : 
[Mon Apr 06 19:51:18.404540 2020] [wsgi:error] [pid 17762:tid 1964696608] allumer
[Mon Apr 06 19:51:18.404637 2020] [wsgi:error] [pid 17762:tid 1964696608] projo =  projo_43  | dimmeur =  100  | duree =  0
[Mon Apr 06 19:51:18.404725 2020] [wsgi:error] [pid 17762:tid 1964696608] projo =  projo_44  | dimmeur =  100  | duree =  0
[Mon Apr 06 19:51:18.404850 2020] [wsgi:error] [pid 17762:tid 1964696608] projo =  projo_45  | dimmeur =  100  | duree =  0
[Mon Apr 06 19:51:18.404972 2020] [wsgi:error] [pid 17762:tid 1964696608] led =  led_escalier_haut  | dimmeur =  100  | duree =  2  | couleur =  0xff0000
[Mon Apr 06 19:51:18.405087 2020] [wsgi:error] [pid 17762:tid 1964696608] led =  led_escalier_bas  | dimmeur =  100  | duree =  2  | couleur =  0xff0000
[Mon Apr 06 19:51:18.405135 2020] [wsgi:error] [pid 17762:tid 1964696608] eteindre
[Mon Apr 06 19:51:18.405251 2020] [wsgi:error] [pid 17762:tid 1964696608] led =  led_escalier_haut  | dimmeur =  0  | duree =  5  | couleur =  0x000000
[Mon Apr 06 19:51:18.405364 2020] [wsgi:error] [pid 17762:tid 1964696608] led =  led_escalier_bas  | dimmeur =  0  | duree =  5  | couleur =  0x000000
[Mon Apr 06 19:51:18.405451 2020] [wsgi:error] [pid 17762:tid 1964696608] projo =  projo_45  | dimmeur =  0  | duree =  0
[Mon Apr 06 19:51:18.405535 2020] [wsgi:error] [pid 17762:tid 1964696608] projo =  projo_44  | dimmeur =  0  | duree =  0
[Mon Apr 06 19:51:18.405619 2020] [wsgi:error] [pid 17762:tid 1964696608] projo =  projo_43  | dimmeur =  0  | duree =  0
[Mon Apr 06 19:51:18.405659 2020] [wsgi:error] [pid 17762:tid 1964696608] ---- Presets s\xc3\xa9lectionn\xc3\xa9 ----
[Mon Apr 06 19:51:18.405701 2020] [wsgi:error] [pid 17762:tid 1964696608] Preset normal_01
[Mon Apr 06 19:51:18.405739 2020] [wsgi:error] [pid 17762:tid 1964696608] eteindre
[Mon Apr 06 19:51:18.405828 2020] [wsgi:error] [pid 17762:tid 1964696608] projo =  poutre  | dimmeur =  0  | duree =  3
[Mon Apr 06 19:51:18.405864 2020] [wsgi:error] [pid 17762:tid 1964696608] allumer
[Mon Apr 06 19:51:18.405953 2020] [wsgi:error] [pid 17762:tid 1964696608] projo =  poutre  | dimmeur =  50  | duree =  3
[Mon Apr 06 19:51:18.405989 2020] [wsgi:error] [pid 17762:tid 1964696608] d\xc3\xa9co1
[Mon Apr 06 19:51:18.406031 2020] [wsgi:error] [pid 17762:tid 1964696608] Preset soiree_01
[Mon Apr 06 19:51:18.406070 2020] [wsgi:error] [pid 17762:tid 1964696608] eteindre
[Mon Apr 06 19:51:18.406157 2020] [wsgi:error] [pid 17762:tid 1964696608] projo =  poutre  | dimmeur =  0  | duree =  10
[Mon Apr 06 19:51:18.406195 2020] [wsgi:error] [pid 17762:tid 1964696608] allumer
[Mon Apr 06 19:51:18.406282 2020] [wsgi:error] [pid 17762:tid 1964696608] projo =  poutre  | dimmeur =  50  | duree =  10
[Mon Apr 06 19:51:18.406320 2020] [wsgi:error] [pid 17762:tid 1964696608] d\xc3\xa9co1
[Mon Apr 06 19:51:18.406360 2020] [wsgi:error] [pid 17762:tid 1964696608] ---- boutons -----
[Mon Apr 06 19:51:18.406405 2020] [wsgi:error] [pid 17762:tid 1964696608] eteindre
[Mon Apr 06 19:51:18.406494 2020] [wsgi:error] [pid 17762:tid 1964696608] projo =  poutre  | dimmeur =  0  | duree =  3
[Mon Apr 06 19:51:18.406539 2020] [wsgi:error] [pid 17762:tid 1964696608] allumer
[Mon Apr 06 19:51:18.406628 2020] [wsgi:error] [pid 17762:tid 1964696608] projo =  poutre  | dimmeur =  50  | duree =  3
[Mon Apr 06 19:51:18.406673 2020] [wsgi:error] [pid 17762:tid 1964696608] d\xc3\xa9co1
[Mon Apr 06 19:51:18.406720 2020] [wsgi:error] [pid 17762:tid 1964696608] ----- Environnement escalier -----
[Mon Apr 06 19:51:18.406753 2020] [wsgi:error] [pid 17762:tid 1964696608] ----- Lumi\xc3\xa8res -----
[Mon Apr 06 19:51:18.406823 2020] [wsgi:error] [pid 17762:tid 1964696608] nom = led_escalier_haut  | couleur =  0x000000
[Mon Apr 06 19:51:18.406885 2020] [wsgi:error] [pid 17762:tid 1964696608] port bus : 0x21 | relais numero 4
[Mon Apr 06 19:51:18.406950 2020] [wsgi:error] [pid 17762:tid 1964696608] nom = led_escalier_bas  | couleur =  0x000000
[Mon Apr 06 19:51:18.406994 2020] [wsgi:error] [pid 17762:tid 1964696608] port bus : 0x21 | relais numero 4
[Mon Apr 06 19:51:18.407042 2020] [wsgi:error] [pid 17762:tid 1964696608] port bus : 0x21 | relais numero 2
[Mon Apr 06 19:51:18.407089 2020] [wsgi:error] [pid 17762:tid 1964696608] port bus : 0x21 | relais numero 1
[Mon Apr 06 19:51:18.407134 2020] [wsgi:error] [pid 17762:tid 1964696608] port bus : 0x21 | relais numero 6
[Mon Apr 06 19:51:18.407169 2020] [wsgi:error] [pid 17762:tid 1964696608] ----- Presets -----
[Mon Apr 06 19:51:18.407228 2020] [wsgi:error] [pid 17762:tid 1964696608] Preset normal_01
[Mon Apr 06 19:51:18.407267 2020] [wsgi:error] [pid 17762:tid 1964696608] eteindre
[Mon Apr 06 19:51:18.407380 2020] [wsgi:error] [pid 17762:tid 1964696608] led =  led_escalier_haut  | dimmeur =  0  | duree =  5  | couleur =  0x000000
[Mon Apr 06 19:51:18.407492 2020] [wsgi:error] [pid 17762:tid 1964696608] led =  led_escalier_bas  | dimmeur =  0  | duree =  5  | couleur =  0x000000
[Mon Apr 06 19:51:18.407579 2020] [wsgi:error] [pid 17762:tid 1964696608] projo =  projo_45  | dimmeur =  0  | duree =  0
[Mon Apr 06 19:51:18.407662 2020] [wsgi:error] [pid 17762:tid 1964696608] projo =  projo_44  | dimmeur =  0  | duree =  0
[Mon Apr 06 19:51:18.407747 2020] [wsgi:error] [pid 17762:tid 1964696608] projo =  projo_43  | dimmeur =  0  | duree =  0
[Mon Apr 06 19:51:18.407784 2020] [wsgi:error] [pid 17762:tid 1964696608] allumer
[Mon Apr 06 19:51:18.407874 2020] [wsgi:error] [pid 17762:tid 1964696608] projo =  projo_43  | dimmeur =  100  | duree =  0
[Mon Apr 06 19:51:18.407962 2020] [wsgi:error] [pid 17762:tid 1964696608] projo =  projo_44  | dimmeur =  100  | duree =  0
[Mon Apr 06 19:51:18.408047 2020] [wsgi:error] [pid 17762:tid 1964696608] projo =  projo_45  | dimmeur =  100  | duree =  0
[Mon Apr 06 19:51:18.408156 2020] [wsgi:error] [pid 17762:tid 1964696608] led =  led_escalier_haut  | dimmeur =  100  | duree =  2  | couleur =  0xff0000
[Mon Apr 06 19:51:18.408267 2020] [wsgi:error] [pid 17762:tid 1964696608] led =  led_escalier_bas  | dimmeur =  100  | duree =  2  | couleur =  0xff0000
[Mon Apr 06 19:51:18.408305 2020] [wsgi:error] [pid 17762:tid 1964696608] d\xc3\xa9co1
[Mon Apr 06 19:51:18.408348 2020] [wsgi:error] [pid 17762:tid 1964696608] Preset soiree_01
[Mon Apr 06 19:51:18.408386 2020] [wsgi:error] [pid 17762:tid 1964696608] eteindre
[Mon Apr 06 19:51:18.408425 2020] [wsgi:error] [pid 17762:tid 1964696608] allumer
[Mon Apr 06 19:51:18.408465 2020] [wsgi:error] [pid 17762:tid 1964696608] d\xc3\xa9co1
[Mon Apr 06 19:51:18.408505 2020] [wsgi:error] [pid 17762:tid 1964696608] ----- Input -------
[Mon Apr 06 19:51:18.408540 2020] [wsgi:error] [pid 17762:tid 1964696608] --- Interrupteurs ---
[Mon Apr 06 19:51:18.408585 2020] [wsgi:error] [pid 17762:tid 1964696608] bas_escalier_\xc3\xa9tage : 1 : 
[Mon Apr 06 19:51:18.408630 2020] [wsgi:error] [pid 17762:tid 1964696608] allumer
[Mon Apr 06 19:51:18.408721 2020] [wsgi:error] [pid 17762:tid 1964696608] projo =  projo_43  | dimmeur =  100  | duree =  0
[Mon Apr 06 19:51:18.408806 2020] [wsgi:error] [pid 17762:tid 1964696608] projo =  projo_44  | dimmeur =  100  | duree =  0
[Mon Apr 06 19:51:18.408893 2020] [wsgi:error] [pid 17762:tid 1964696608] projo =  projo_45  | dimmeur =  100  | duree =  0
[Mon Apr 06 19:51:18.409004 2020] [wsgi:error] [pid 17762:tid 1964696608] led =  led_escalier_haut  | dimmeur =  100  | duree =  2  | couleur =  0xff0000
[Mon Apr 06 19:51:18.409116 2020] [wsgi:error] [pid 17762:tid 1964696608] led =  led_escalier_bas  | dimmeur =  100  | duree =  2  | couleur =  0xff0000
[Mon Apr 06 19:51:18.409161 2020] [wsgi:error] [pid 17762:tid 1964696608] eteindre
[Mon Apr 06 19:51:18.409275 2020] [wsgi:error] [pid 17762:tid 1964696608] led =  led_escalier_haut  | dimmeur =  0  | duree =  5  | couleur =  0x000000
[Mon Apr 06 19:51:18.409388 2020] [wsgi:error] [pid 17762:tid 1964696608] led =  led_escalier_bas  | dimmeur =  0  | duree =  5  | couleur =  0x000000
[Mon Apr 06 19:51:18.409476 2020] [wsgi:error] [pid 17762:tid 1964696608] projo =  projo_45  | dimmeur =  0  | duree =  0
[Mon Apr 06 19:51:18.409559 2020] [wsgi:error] [pid 17762:tid 1964696608] projo =  projo_44  | dimmeur =  0  | duree =  0
[Mon Apr 06 19:51:18.409644 2020] [wsgi:error] [pid 17762:tid 1964696608] projo =  projo_43  | dimmeur =  0  | duree =  0
[Mon Apr 06 19:51:18.409682 2020] [wsgi:error] [pid 17762:tid 1964696608] ---- Presets s\xc3\xa9lectionn\xc3\xa9 ----
[Mon Apr 06 19:51:18.409722 2020] [wsgi:error] [pid 17762:tid 1964696608] Preset normal_01
[Mon Apr 06 19:51:18.409776 2020] [wsgi:error] [pid 17762:tid 1964696608] eteindre
[Mon Apr 06 19:51:18.409890 2020] [wsgi:error] [pid 17762:tid 1964696608] led =  led_escalier_haut  | dimmeur =  0  | duree =  5  | couleur =  0x000000
[Mon Apr 06 19:51:18.410003 2020] [wsgi:error] [pid 17762:tid 1964696608] led =  led_escalier_bas  | dimmeur =  0  | duree =  5  | couleur =  0x000000
[Mon Apr 06 19:51:18.410116 2020] [wsgi:error] [pid 17762:tid 1964696608] projo =  projo_45  | dimmeur =  0  | duree =  0
[Mon Apr 06 19:51:18.410218 2020] [wsgi:error] [pid 17762:tid 1964696608] projo =  projo_44  | dimmeur =  0  | duree =  0
[Mon Apr 06 19:51:18.410302 2020] [wsgi:error] [pid 17762:tid 1964696608] projo =  projo_43  | dimmeur =  0  | duree =  0
[Mon Apr 06 19:51:18.410340 2020] [wsgi:error] [pid 17762:tid 1964696608] allumer
[Mon Apr 06 19:51:18.410427 2020] [wsgi:error] [pid 17762:tid 1964696608] projo =  projo_43  | dimmeur =  100  | duree =  0
[Mon Apr 06 19:51:18.410513 2020] [wsgi:error] [pid 17762:tid 1964696608] projo =  projo_44  | dimmeur =  100  | duree =  0
[Mon Apr 06 19:51:18.410599 2020] [wsgi:error] [pid 17762:tid 1964696608] projo =  projo_45  | dimmeur =  100  | duree =  0
[Mon Apr 06 19:51:18.410710 2020] [wsgi:error] [pid 17762:tid 1964696608] led =  led_escalier_haut  | dimmeur =  100  | duree =  2  | couleur =  0xff0000
[Mon Apr 06 19:51:18.410821 2020] [wsgi:error] [pid 17762:tid 1964696608] led =  led_escalier_bas  | dimmeur =  100  | duree =  2  | couleur =  0xff0000
[Mon Apr 06 19:51:18.410858 2020] [wsgi:error] [pid 17762:tid 1964696608] d\xc3\xa9co1
[Mon Apr 06 19:51:18.410900 2020] [wsgi:error] [pid 17762:tid 1964696608] Preset soiree_01
[Mon Apr 06 19:51:18.410940 2020] [wsgi:error] [pid 17762:tid 1964696608] eteindre
[Mon Apr 06 19:51:18.410978 2020] [wsgi:error] [pid 17762:tid 1964696608] allumer
[Mon Apr 06 19:51:18.411017 2020] [wsgi:error] [pid 17762:tid 1964696608] d\xc3\xa9co1
[Mon Apr 06 19:51:18.411056 2020] [wsgi:error] [pid 17762:tid 1964696608] ---- boutons -----
[Mon Apr 06 19:51:18.411101 2020] [wsgi:error] [pid 17762:tid 1964696608] eteindre
[Mon Apr 06 19:51:18.411215 2020] [wsgi:error] [pid 17762:tid 1964696608] led =  led_escalier_haut  | dimmeur =  0  | duree =  5  | couleur =  0x000000
[Mon Apr 06 19:51:18.411327 2020] [wsgi:error] [pid 17762:tid 1964696608] led =  led_escalier_bas  | dimmeur =  0  | duree =  5  | couleur =  0x000000
[Mon Apr 06 19:51:18.411411 2020] [wsgi:error] [pid 17762:tid 1964696608] projo =  projo_45  | dimmeur =  0  | duree =  0
[Mon Apr 06 19:51:18.411496 2020] [wsgi:error] [pid 17762:tid 1964696608] projo =  projo_44  | dimmeur =  0  | duree =  0
[Mon Apr 06 19:51:18.411581 2020] [wsgi:error] [pid 17762:tid 1964696608] projo =  projo_43  | dimmeur =  0  | duree =  0
[Mon Apr 06 19:51:18.411625 2020] [wsgi:error] [pid 17762:tid 1964696608] allumer
[Mon Apr 06 19:51:18.411715 2020] [wsgi:error] [pid 17762:tid 1964696608] projo =  projo_43  | dimmeur =  100  | duree =  0
[Mon Apr 06 19:51:18.411800 2020] [wsgi:error] [pid 17762:tid 1964696608] projo =  projo_44  | dimmeur =  100  | duree =  0
[Mon Apr 06 19:51:18.411886 2020] [wsgi:error] [pid 17762:tid 1964696608] projo =  projo_45  | dimmeur =  100  | duree =  0
[Mon Apr 06 19:51:18.411997 2020] [wsgi:error] [pid 17762:tid 1964696608] led =  led_escalier_haut  | dimmeur =  100  | duree =  2  | couleur =  0xff0000
[Mon Apr 06 19:51:18.412109 2020] [wsgi:error] [pid 17762:tid 1964696608] led =  led_escalier_bas  | dimmeur =  100  | duree =  2  | couleur =  0xff0000
[Mon Apr 06 19:51:18.412155 2020] [wsgi:error] [pid 17762:tid 1964696608] d\xc3\xa9co1
[Mon Apr 06 19:51:18.412202 2020] [wsgi:error] [pid 17762:tid 1964696608] ----- Environnement cuisine -----
[Mon Apr 06 19:51:18.412235 2020] [wsgi:error] [pid 17762:tid 1964696608] ----- Lumi\xc3\xa8res -----
[Mon Apr 06 19:51:18.412301 2020] [wsgi:error] [pid 17762:tid 1964696608] nom = led_fond_exte  | couleur =  0x000000
[Mon Apr 06 19:51:18.412348 2020] [wsgi:error] [pid 17762:tid 1964696608] port bus : 0x21 | relais numero 3
[Mon Apr 06 19:51:18.412412 2020] [wsgi:error] [pid 17762:tid 1964696608] nom = led_fond_inte  | couleur =  0x000000
[Mon Apr 06 19:51:18.412473 2020] [wsgi:error] [pid 17762:tid 1964696608] port bus : 0x21 | relais numero 3
[Mon Apr 06 19:51:18.412508 2020] [wsgi:error] [pid 17762:tid 1964696608] ----- Presets -----
[Mon Apr 06 19:51:18.412548 2020] [wsgi:error] [pid 17762:tid 1964696608] Preset normal_01
[Mon Apr 06 19:51:18.412587 2020] [wsgi:error] [pid 17762:tid 1964696608] eteindre
[Mon Apr 06 19:51:18.412627 2020] [wsgi:error] [pid 17762:tid 1964696608] allumer
[Mon Apr 06 19:51:18.412666 2020] [wsgi:error] [pid 17762:tid 1964696608] d\xc3\xa9co1
[Mon Apr 06 19:51:18.412709 2020] [wsgi:error] [pid 17762:tid 1964696608] Preset soiree_01
[Mon Apr 06 19:51:18.412749 2020] [wsgi:error] [pid 17762:tid 1964696608] eteindre
[Mon Apr 06 19:51:18.412788 2020] [wsgi:error] [pid 17762:tid 1964696608] allumer
[Mon Apr 06 19:51:18.412828 2020] [wsgi:error] [pid 17762:tid 1964696608] d\xc3\xa9co1
[Mon Apr 06 19:51:18.412867 2020] [wsgi:error] [pid 17762:tid 1964696608] ----- Input -------
[Mon Apr 06 19:51:18.412902 2020] [wsgi:error] [pid 17762:tid 1964696608] --- Interrupteurs ---
[Mon Apr 06 19:51:18.412949 2020] [wsgi:error] [pid 17762:tid 1964696608] bas_escalier_\xc3\xa9tage : 1 : 
[Mon Apr 06 19:51:18.412994 2020] [wsgi:error] [pid 17762:tid 1964696608] allumer
[Mon Apr 06 19:51:18.413085 2020] [wsgi:error] [pid 17762:tid 1964696608] projo =  projo_43  | dimmeur =  100  | duree =  0
[Mon Apr 06 19:51:18.413171 2020] [wsgi:error] [pid 17762:tid 1964696608] projo =  projo_44  | dimmeur =  100  | duree =  0
[Mon Apr 06 19:51:18.413258 2020] [wsgi:error] [pid 17762:tid 1964696608] projo =  projo_45  | dimmeur =  100  | duree =  0
[Mon Apr 06 19:51:18.413369 2020] [wsgi:error] [pid 17762:tid 1964696608] led =  led_escalier_haut  | dimmeur =  100  | duree =  2  | couleur =  0xff0000
[Mon Apr 06 19:51:18.413481 2020] [wsgi:error] [pid 17762:tid 1964696608] led =  led_escalier_bas  | dimmeur =  100  | duree =  2  | couleur =  0xff0000
[Mon Apr 06 19:51:18.413527 2020] [wsgi:error] [pid 17762:tid 1964696608] eteindre
[Mon Apr 06 19:51:18.413640 2020] [wsgi:error] [pid 17762:tid 1964696608] led =  led_escalier_haut  | dimmeur =  0  | duree =  5  | couleur =  0x000000
[Mon Apr 06 19:51:18.413752 2020] [wsgi:error] [pid 17762:tid 1964696608] led =  led_escalier_bas  | dimmeur =  0  | duree =  5  | couleur =  0x000000
[Mon Apr 06 19:51:18.413906 2020] [wsgi:error] [pid 17762:tid 1964696608] projo =  projo_45  | dimmeur =  0  | duree =  0
[Mon Apr 06 19:51:18.413996 2020] [wsgi:error] [pid 17762:tid 1964696608] projo =  projo_44  | dimmeur =  0  | duree =  0
[Mon Apr 06 19:51:18.414081 2020] [wsgi:error] [pid 17762:tid 1964696608] projo =  projo_43  | dimmeur =  0  | duree =  0
[Mon Apr 06 19:51:18.414120 2020] [wsgi:error] [pid 17762:tid 1964696608] ---- Presets s\xc3\xa9lectionn\xc3\xa9 ----
[Mon Apr 06 19:51:18.414161 2020] [wsgi:error] [pid 17762:tid 1964696608] Preset normal_01
[Mon Apr 06 19:51:18.414200 2020] [wsgi:error] [pid 17762:tid 1964696608] eteindre
[Mon Apr 06 19:51:18.414239 2020] [wsgi:error] [pid 17762:tid 1964696608] allumer
[Mon Apr 06 19:51:18.414278 2020] [wsgi:error] [pid 17762:tid 1964696608] d\xc3\xa9co1
[Mon Apr 06 19:51:18.414321 2020] [wsgi:error] [pid 17762:tid 1964696608] Preset soiree_01
[Mon Apr 06 19:51:18.414359 2020] [wsgi:error] [pid 17762:tid 1964696608] eteindre
[Mon Apr 06 19:51:18.414398 2020] [wsgi:error] [pid 17762:tid 1964696608] allumer
[Mon Apr 06 19:51:18.414437 2020] [wsgi:error] [pid 17762:tid 1964696608] d\xc3\xa9co1
[Mon Apr 06 19:51:18.414477 2020] [wsgi:error] [pid 17762:tid 1964696608] ---- boutons -----
[Mon Apr 06 19:51:18.414521 2020] [wsgi:error] [pid 17762:tid 1964696608] eteindre
[Mon Apr 06 19:51:18.414568 2020] [wsgi:error] [pid 17762:tid 1964696608] allumer
[Mon Apr 06 19:51:18.414614 2020] [wsgi:error] [pid 17762:tid 1964696608] d\xc3\xa9co1
[Mon Apr 06 19:51:18.414659 2020] [wsgi:error] [pid 17762:tid 1964696608] ----- Environnement billard -----
[Mon Apr 06 19:51:18.414693 2020] [wsgi:error] [pid 17762:tid 1964696608] ----- Lumi\xc3\xa8res -----
[Mon Apr 06 19:51:18.414776 2020] [wsgi:error] [pid 17762:tid 1964696608] nom = led_escalier_haut  | couleur =  0x000000
[Mon Apr 06 19:51:18.414822 2020] [wsgi:error] [pid 17762:tid 1964696608] port bus : 0x21 | relais numero 4
[Mon Apr 06 19:51:18.414885 2020] [wsgi:error] [pid 17762:tid 1964696608] nom = led_escalier_bas  | couleur =  0x000000
[Mon Apr 06 19:51:18.414929 2020] [wsgi:error] [pid 17762:tid 1964696608] port bus : 0x21 | relais numero 4
[Mon Apr 06 19:51:18.414966 2020] [wsgi:error] [pid 17762:tid 1964696608] ----- Presets -----
[Mon Apr 06 19:51:18.415005 2020] [wsgi:error] [pid 17762:tid 1964696608] Preset normal_01
[Mon Apr 06 19:51:18.415044 2020] [wsgi:error] [pid 17762:tid 1964696608] eteindre
[Mon Apr 06 19:51:18.415158 2020] [wsgi:error] [pid 17762:tid 1964696608] led =  led_escalier_haut  | dimmeur =  0  | duree =  2  | couleur =  0x000000
[Mon Apr 06 19:51:18.415271 2020] [wsgi:error] [pid 17762:tid 1964696608] led =  led_escalier_bas  | dimmeur =  0  | duree =  2  | couleur =  0x000000
[Mon Apr 06 19:51:18.415308 2020] [wsgi:error] [pid 17762:tid 1964696608] allumer
[Mon Apr 06 19:51:18.415422 2020] [wsgi:error] [pid 17762:tid 1964696608] led =  led_escalier_haut  | dimmeur =  0  | duree =  2  | couleur =  0xff0000
[Mon Apr 06 19:51:18.415534 2020] [wsgi:error] [pid 17762:tid 1964696608] led =  led_escalier_bas  | dimmeur =  0  | duree =  2  | couleur =  0xfff000
[Mon Apr 06 19:51:18.415573 2020] [wsgi:error] [pid 17762:tid 1964696608] d\xc3\xa9co1
[Mon Apr 06 19:51:18.415616 2020] [wsgi:error] [pid 17762:tid 1964696608] Preset soiree_01
[Mon Apr 06 19:51:18.415654 2020] [wsgi:error] [pid 17762:tid 1964696608] eteindre
[Mon Apr 06 19:51:18.415694 2020] [wsgi:error] [pid 17762:tid 1964696608] allumer
[Mon Apr 06 19:51:18.415734 2020] [wsgi:error] [pid 17762:tid 1964696608] d\xc3\xa9co1
[Mon Apr 06 19:51:18.415773 2020] [wsgi:error] [pid 17762:tid 1964696608] ----- Input -------
[Mon Apr 06 19:51:18.415807 2020] [wsgi:error] [pid 17762:tid 1964696608] --- Interrupteurs ---
[Mon Apr 06 19:51:18.415854 2020] [wsgi:error] [pid 17762:tid 1964696608] bas_escalier_\xc3\xa9tage : 1 : 
[Mon Apr 06 19:51:18.415899 2020] [wsgi:error] [pid 17762:tid 1964696608] allumer
[Mon Apr 06 19:51:18.415989 2020] [wsgi:error] [pid 17762:tid 1964696608] projo =  projo_43  | dimmeur =  100  | duree =  0
[Mon Apr 06 19:51:18.416076 2020] [wsgi:error] [pid 17762:tid 1964696608] projo =  projo_44  | dimmeur =  100  | duree =  0
[Mon Apr 06 19:51:18.416161 2020] [wsgi:error] [pid 17762:tid 1964696608] projo =  projo_45  | dimmeur =  100  | duree =  0
[Mon Apr 06 19:51:18.416272 2020] [wsgi:error] [pid 17762:tid 1964696608] led =  led_escalier_haut  | dimmeur =  100  | duree =  2  | couleur =  0xff0000
[Mon Apr 06 19:51:18.416383 2020] [wsgi:error] [pid 17762:tid 1964696608] led =  led_escalier_bas  | dimmeur =  100  | duree =  2  | couleur =  0xff0000
[Mon Apr 06 19:51:18.416428 2020] [wsgi:error] [pid 17762:tid 1964696608] eteindre
[Mon Apr 06 19:51:18.416541 2020] [wsgi:error] [pid 17762:tid 1964696608] led =  led_escalier_haut  | dimmeur =  0  | duree =  5  | couleur =  0x000000
[Mon Apr 06 19:51:18.416654 2020] [wsgi:error] [pid 17762:tid 1964696608] led =  led_escalier_bas  | dimmeur =  0  | duree =  5  | couleur =  0x000000
[Mon Apr 06 19:51:18.416740 2020] [wsgi:error] [pid 17762:tid 1964696608] projo =  projo_45  | dimmeur =  0  | duree =  0
[Mon Apr 06 19:51:18.416825 2020] [wsgi:error] [pid 17762:tid 1964696608] projo =  projo_44  | dimmeur =  0  | duree =  0
[Mon Apr 06 19:51:18.416909 2020] [wsgi:error] [pid 17762:tid 1964696608] projo =  projo_43  | dimmeur =  0  | duree =  0
[Mon Apr 06 19:51:18.416948 2020] [wsgi:error] [pid 17762:tid 1964696608] ---- Presets s\xc3\xa9lectionn\xc3\xa9 ----
[Mon Apr 06 19:51:18.416988 2020] [wsgi:error] [pid 17762:tid 1964696608] Preset normal_01
[Mon Apr 06 19:51:18.417026 2020] [wsgi:error] [pid 17762:tid 1964696608] eteindre
[Mon Apr 06 19:51:18.417140 2020] [wsgi:error] [pid 17762:tid 1964696608] led =  led_escalier_haut  | dimmeur =  0  | duree =  2  | couleur =  0x000000
[Mon Apr 06 19:51:18.417268 2020] [wsgi:error] [pid 17762:tid 1964696608] led =  led_escalier_bas  | dimmeur =  0  | duree =  2  | couleur =  0x000000
[Mon Apr 06 19:51:18.417306 2020] [wsgi:error] [pid 17762:tid 1964696608] allumer
[Mon Apr 06 19:51:18.417418 2020] [wsgi:error] [pid 17762:tid 1964696608] led =  led_escalier_haut  | dimmeur =  0  | duree =  2  | couleur =  0xff0000
[Mon Apr 06 19:51:18.417530 2020] [wsgi:error] [pid 17762:tid 1964696608] led =  led_escalier_bas  | dimmeur =  0  | duree =  2  | couleur =  0xfff000
[Mon Apr 06 19:51:18.417569 2020] [wsgi:error] [pid 17762:tid 1964696608] d\xc3\xa9co1
[Mon Apr 06 19:51:18.417611 2020] [wsgi:error] [pid 17762:tid 1964696608] Preset soiree_01
[Mon Apr 06 19:51:18.417649 2020] [wsgi:error] [pid 17762:tid 1964696608] eteindre
[Mon Apr 06 19:51:18.417688 2020] [wsgi:error] [pid 17762:tid 1964696608] allumer
[Mon Apr 06 19:51:18.417727 2020] [wsgi:error] [pid 17762:tid 1964696608] d\xc3\xa9co1
[Mon Apr 06 19:51:18.417766 2020] [wsgi:error] [pid 17762:tid 1964696608] ---- boutons -----
[Mon Apr 06 19:51:18.417811 2020] [wsgi:error] [pid 17762:tid 1964696608] eteindre
[Mon Apr 06 19:51:18.417923 2020] [wsgi:error] [pid 17762:tid 1964696608] led =  led_escalier_haut  | dimmeur =  0  | duree =  2  | couleur =  0x000000
[Mon Apr 06 19:51:18.418035 2020] [wsgi:error] [pid 17762:tid 1964696608] led =  led_escalier_bas  | dimmeur =  0  | duree =  2  | couleur =  0x000000
[Mon Apr 06 19:51:18.418095 2020] [wsgi:error] [pid 17762:tid 1964696608] allumer
[Mon Apr 06 19:51:18.418220 2020] [wsgi:error] [pid 17762:tid 1964696608] led =  led_escalier_haut  | dimmeur =  0  | duree =  2  | couleur =  0xff0000
[Mon Apr 06 19:51:18.418332 2020] [wsgi:error] [pid 17762:tid 1964696608] led =  led_escalier_bas  | dimmeur =  0  | duree =  2  | couleur =  0xfff000
[Mon Apr 06 19:51:18.418378 2020] [wsgi:error] [pid 17762:tid 1964696608] d\xc3\xa9co1
[Mon Apr 06 19:51:18.418423 2020] [wsgi:error] [pid 17762:tid 1964696608] ----- Environnement salon -----
[Mon Apr 06 19:51:18.418456 2020] [wsgi:error] [pid 17762:tid 1964696608] ----- Lumi\xc3\xa8res -----
[Mon Apr 06 19:51:18.418522 2020] [wsgi:error] [pid 17762:tid 1964696608] nom = led_mur_pierre_droite  | couleur =  0x000000
[Mon Apr 06 19:51:18.418568 2020] [wsgi:error] [pid 17762:tid 1964696608] port bus : 0x21 | relais numero 5
[Mon Apr 06 19:51:18.418632 2020] [wsgi:error] [pid 17762:tid 1964696608] nom = led_mur_pierre_gauche  | couleur =  0x000000
[Mon Apr 06 19:51:18.418676 2020] [wsgi:error] [pid 17762:tid 1964696608] port bus : 0x21 | relais numero 5
[Mon Apr 06 19:51:18.418739 2020] [wsgi:error] [pid 17762:tid 1964696608] nom = led_mur_pierre_haut  | couleur =  0x000000
[Mon Apr 06 19:51:18.418783 2020] [wsgi:error] [pid 17762:tid 1964696608] port bus : 0x21 | relais numero 5
[Mon Apr 06 19:51:18.418822 2020] [wsgi:error] [pid 17762:tid 1964696608] nom = projo_32
[Mon Apr 06 19:51:18.418858 2020] [wsgi:error] [pid 17762:tid 1964696608] nom = projo_33
[Mon Apr 06 19:51:18.418893 2020] [wsgi:error] [pid 17762:tid 1964696608] nom = projo_34
[Mon Apr 06 19:51:18.418928 2020] [wsgi:error] [pid 17762:tid 1964696608] nom = projo_28
[Mon Apr 06 19:51:18.418964 2020] [wsgi:error] [pid 17762:tid 1964696608] nom = projo_30
[Mon Apr 06 19:51:18.418999 2020] [wsgi:error] [pid 17762:tid 1964696608] nom = projo_26
[Mon Apr 06 19:51:18.419034 2020] [wsgi:error] [pid 17762:tid 1964696608] nom = projo_36
[Mon Apr 06 19:51:18.419071 2020] [wsgi:error] [pid 17762:tid 1964696608] nom = poutre_table_basse
[Mon Apr 06 19:51:18.419104 2020] [wsgi:error] [pid 17762:tid 1964696608] ----- Presets -----
[Mon Apr 06 19:51:18.419143 2020] [wsgi:error] [pid 17762:tid 1964696608] Preset normal_01
[Mon Apr 06 19:51:18.419181 2020] [wsgi:error] [pid 17762:tid 1964696608] eteindre
[Mon Apr 06 19:51:18.419270 2020] [wsgi:error] [pid 17762:tid 1964696608] projo =  projo_32  | dimmeur =  0  | duree =  5
[Mon Apr 06 19:51:18.419356 2020] [wsgi:error] [pid 17762:tid 1964696608] projo =  projo_33  | dimmeur =  0  | duree =  5
[Mon Apr 06 19:51:18.419458 2020] [wsgi:error] [pid 17762:tid 1964696608] projo =  projo_34  | dimmeur =  0  | duree =  5
[Mon Apr 06 19:51:18.419542 2020] [wsgi:error] [pid 17762:tid 1964696608] projo =  projo_36  | dimmeur =  0  | duree =  5
[Mon Apr 06 19:51:18.419626 2020] [wsgi:error] [pid 17762:tid 1964696608] projo =  projo_26  | dimmeur =  0  | duree =  5
[Mon Apr 06 19:51:18.419711 2020] [wsgi:error] [pid 17762:tid 1964696608] projo =  projo_28  | dimmeur =  0  | duree =  5
[Mon Apr 06 19:51:18.419795 2020] [wsgi:error] [pid 17762:tid 1964696608] projo =  projo_30  | dimmeur =  0  | duree =  5
[Mon Apr 06 19:51:18.419881 2020] [wsgi:error] [pid 17762:tid 1964696608] projo =  poutre_table_basse  | dimmeur =  0  | duree =  20
[Mon Apr 06 19:51:18.419917 2020] [wsgi:error] [pid 17762:tid 1964696608] allumer
[Mon Apr 06 19:51:18.420006 2020] [wsgi:error] [pid 17762:tid 1964696608] projo =  projo_32  | dimmeur =  20  | duree =  5
[Mon Apr 06 19:51:18.420092 2020] [wsgi:error] [pid 17762:tid 1964696608] projo =  projo_33  | dimmeur =  20  | duree =  5
[Mon Apr 06 19:51:18.420176 2020] [wsgi:error] [pid 17762:tid 1964696608] projo =  projo_34  | dimmeur =  20  | duree =  5
[Mon Apr 06 19:51:18.420261 2020] [wsgi:error] [pid 17762:tid 1964696608] projo =  projo_36  | dimmeur =  20  | duree =  5
[Mon Apr 06 19:51:18.420347 2020] [wsgi:error] [pid 17762:tid 1964696608] projo =  projo_26  | dimmeur =  20  | duree =  5
[Mon Apr 06 19:51:18.420431 2020] [wsgi:error] [pid 17762:tid 1964696608] projo =  projo_28  | dimmeur =  20  | duree =  5
[Mon Apr 06 19:51:18.420516 2020] [wsgi:error] [pid 17762:tid 1964696608] projo =  projo_30  | dimmeur =  20  | duree =  5
[Mon Apr 06 19:51:18.420604 2020] [wsgi:error] [pid 17762:tid 1964696608] projo =  poutre_table_basse  | dimmeur =  50  | duree =  20
[Mon Apr 06 19:51:18.420640 2020] [wsgi:error] [pid 17762:tid 1964696608] d\xc3\xa9co1
[Mon Apr 06 19:51:18.420683 2020] [wsgi:error] [pid 17762:tid 1964696608] Preset soiree_01
[Mon Apr 06 19:51:18.420723 2020] [wsgi:error] [pid 17762:tid 1964696608] eteindre
[Mon Apr 06 19:51:18.420762 2020] [wsgi:error] [pid 17762:tid 1964696608] allumer
[Mon Apr 06 19:51:18.420801 2020] [wsgi:error] [pid 17762:tid 1964696608] d\xc3\xa9co1
[Mon Apr 06 19:51:18.420841 2020] [wsgi:error] [pid 17762:tid 1964696608] ----- Input -------
[Mon Apr 06 19:51:18.420876 2020] [wsgi:error] [pid 17762:tid 1964696608] --- Interrupteurs ---
[Mon Apr 06 19:51:18.420921 2020] [wsgi:error] [pid 17762:tid 1964696608] bas_escalier_\xc3\xa9tage : 1 : 
[Mon Apr 06 19:51:18.420967 2020] [wsgi:error] [pid 17762:tid 1964696608] allumer
[Mon Apr 06 19:51:18.421056 2020] [wsgi:error] [pid 17762:tid 1964696608] projo =  projo_43  | dimmeur =  100  | duree =  0
[Mon Apr 06 19:51:18.421143 2020] [wsgi:error] [pid 17762:tid 1964696608] projo =  projo_44  | dimmeur =  100  | duree =  0
[Mon Apr 06 19:51:18.421230 2020] [wsgi:error] [pid 17762:tid 1964696608] projo =  projo_45  | dimmeur =  100  | duree =  0
[Mon Apr 06 19:51:18.421342 2020] [wsgi:error] [pid 17762:tid 1964696608] led =  led_escalier_haut  | dimmeur =  100  | duree =  2  | couleur =  0xff0000
[Mon Apr 06 19:51:18.421453 2020] [wsgi:error] [pid 17762:tid 1964696608] led =  led_escalier_bas  | dimmeur =  100  | duree =  2  | couleur =  0xff0000
[Mon Apr 06 19:51:18.421499 2020] [wsgi:error] [pid 17762:tid 1964696608] eteindre
[Mon Apr 06 19:51:18.421613 2020] [wsgi:error] [pid 17762:tid 1964696608] led =  led_escalier_haut  | dimmeur =  0  | duree =  5  | couleur =  0x000000
[Mon Apr 06 19:51:18.421726 2020] [wsgi:error] [pid 17762:tid 1964696608] led =  led_escalier_bas  | dimmeur =  0  | duree =  5  | couleur =  0x000000
[Mon Apr 06 19:51:18.421812 2020] [wsgi:error] [pid 17762:tid 1964696608] projo =  projo_45  | dimmeur =  0  | duree =  0
[Mon Apr 06 19:51:18.421895 2020] [wsgi:error] [pid 17762:tid 1964696608] projo =  projo_44  | dimmeur =  0  | duree =  0
[Mon Apr 06 19:51:18.421980 2020] [wsgi:error] [pid 17762:tid 1964696608] projo =  projo_43  | dimmeur =  0  | duree =  0
[Mon Apr 06 19:51:18.422019 2020] [wsgi:error] [pid 17762:tid 1964696608] ---- Presets s\xc3\xa9lectionn\xc3\xa9 ----
[Mon Apr 06 19:51:18.422075 2020] [wsgi:error] [pid 17762:tid 1964696608] Preset normal_01
[Mon Apr 06 19:51:18.422113 2020] [wsgi:error] [pid 17762:tid 1964696608] eteindre
[Mon Apr 06 19:51:18.422202 2020] [wsgi:error] [pid 17762:tid 1964696608] projo =  projo_32  | dimmeur =  0  | duree =  5
[Mon Apr 06 19:51:18.422286 2020] [wsgi:error] [pid 17762:tid 1964696608] projo =  projo_33  | dimmeur =  0  | duree =  5
[Mon Apr 06 19:51:18.422371 2020] [wsgi:error] [pid 17762:tid 1964696608] projo =  projo_34  | dimmeur =  0  | duree =  5
[Mon Apr 06 19:51:18.422456 2020] [wsgi:error] [pid 17762:tid 1964696608] projo =  projo_36  | dimmeur =  0  | duree =  5
[Mon Apr 06 19:51:18.422539 2020] [wsgi:error] [pid 17762:tid 1964696608] projo =  projo_26  | dimmeur =  0  | duree =  5
[Mon Apr 06 19:51:18.422623 2020] [wsgi:error] [pid 17762:tid 1964696608] projo =  projo_28  | dimmeur =  0  | duree =  5
[Mon Apr 06 19:51:18.422709 2020] [wsgi:error] [pid 17762:tid 1964696608] projo =  projo_30  | dimmeur =  0  | duree =  5
[Mon Apr 06 19:51:18.422794 2020] [wsgi:error] [pid 17762:tid 1964696608] projo =  poutre_table_basse  | dimmeur =  0  | duree =  20
[Mon Apr 06 19:51:18.422831 2020] [wsgi:error] [pid 17762:tid 1964696608] allumer
[Mon Apr 06 19:51:18.422918 2020] [wsgi:error] [pid 17762:tid 1964696608] projo =  projo_32  | dimmeur =  20  | duree =  5
[Mon Apr 06 19:51:18.423003 2020] [wsgi:error] [pid 17762:tid 1964696608] projo =  projo_33  | dimmeur =  20  | duree =  5
[Mon Apr 06 19:51:18.423089 2020] [wsgi:error] [pid 17762:tid 1964696608] projo =  projo_34  | dimmeur =  20  | duree =  5
[Mon Apr 06 19:51:18.423173 2020] [wsgi:error] [pid 17762:tid 1964696608] projo =  projo_36  | dimmeur =  20  | duree =  5
[Mon Apr 06 19:51:18.423257 2020] [wsgi:error] [pid 17762:tid 1964696608] projo =  projo_26  | dimmeur =  20  | duree =  5
[Mon Apr 06 19:51:18.423342 2020] [wsgi:error] [pid 17762:tid 1964696608] projo =  projo_28  | dimmeur =  20  | duree =  5
[Mon Apr 06 19:51:18.423425 2020] [wsgi:error] [pid 17762:tid 1964696608] projo =  projo_30  | dimmeur =  20  | duree =  5
[Mon Apr 06 19:51:18.423511 2020] [wsgi:error] [pid 17762:tid 1964696608] projo =  poutre_table_basse  | dimmeur =  50  | duree =  20
[Mon Apr 06 19:51:18.423547 2020] [wsgi:error] [pid 17762:tid 1964696608] d\xc3\xa9co1
[Mon Apr 06 19:51:18.423591 2020] [wsgi:error] [pid 17762:tid 1964696608] Preset soiree_01
[Mon Apr 06 19:51:18.423628 2020] [wsgi:error] [pid 17762:tid 1964696608] eteindre
[Mon Apr 06 19:51:18.423666 2020] [wsgi:error] [pid 17762:tid 1964696608] allumer
[Mon Apr 06 19:51:18.423706 2020] [wsgi:error] [pid 17762:tid 1964696608] d\xc3\xa9co1
[Mon Apr 06 19:51:18.423745 2020] [wsgi:error] [pid 17762:tid 1964696608] ---- boutons -----
[Mon Apr 06 19:51:18.423820 2020] [wsgi:error] [pid 17762:tid 1964696608] eteindre
[Mon Apr 06 19:51:18.423914 2020] [wsgi:error] [pid 17762:tid 1964696608] projo =  projo_32  | dimmeur =  0  | duree =  5
[Mon Apr 06 19:51:18.424000 2020] [wsgi:error] [pid 17762:tid 1964696608] projo =  projo_33  | dimmeur =  0  | duree =  5
[Mon Apr 06 19:51:18.424084 2020] [wsgi:error] [pid 17762:tid 1964696608] projo =  projo_34  | dimmeur =  0  | duree =  5
[Mon Apr 06 19:51:18.424167 2020] [wsgi:error] [pid 17762:tid 1964696608] projo =  projo_36  | dimmeur =  0  | duree =  5
[Mon Apr 06 19:51:18.424251 2020] [wsgi:error] [pid 17762:tid 1964696608] projo =  projo_26  | dimmeur =  0  | duree =  5
[Mon Apr 06 19:51:18.424337 2020] [wsgi:error] [pid 17762:tid 1964696608] projo =  projo_28  | dimmeur =  0  | duree =  5
[Mon Apr 06 19:51:18.424420 2020] [wsgi:error] [pid 17762:tid 1964696608] projo =  projo_30  | dimmeur =  0  | duree =  5
[Mon Apr 06 19:51:18.424506 2020] [wsgi:error] [pid 17762:tid 1964696608] projo =  poutre_table_basse  | dimmeur =  0  | duree =  20
[Mon Apr 06 19:51:18.424551 2020] [wsgi:error] [pid 17762:tid 1964696608] allumer
[Mon Apr 06 19:51:18.424640 2020] [wsgi:error] [pid 17762:tid 1964696608] projo =  projo_32  | dimmeur =  20  | duree =  5
[Mon Apr 06 19:51:18.424744 2020] [wsgi:error] [pid 17762:tid 1964696608] projo =  projo_33  | dimmeur =  20  | duree =  5
[Mon Apr 06 19:51:18.424830 2020] [wsgi:error] [pid 17762:tid 1964696608] projo =  projo_34  | dimmeur =  20  | duree =  5
[Mon Apr 06 19:51:18.424913 2020] [wsgi:error] [pid 17762:tid 1964696608] projo =  projo_36  | dimmeur =  20  | duree =  5
[Mon Apr 06 19:51:18.424998 2020] [wsgi:error] [pid 17762:tid 1964696608] projo =  projo_26  | dimmeur =  20  | duree =  5
[Mon Apr 06 19:51:18.425083 2020] [wsgi:error] [pid 17762:tid 1964696608] projo =  projo_28  | dimmeur =  20  | duree =  5
[Mon Apr 06 19:51:18.425167 2020] [wsgi:error] [pid 17762:tid 1964696608] projo =  projo_30  | dimmeur =  20  | duree =  5
[Mon Apr 06 19:51:18.425254 2020] [wsgi:error] [pid 17762:tid 1964696608] projo =  poutre_table_basse  | dimmeur =  50  | duree =  20
[Mon Apr 06 19:51:18.425298 2020] [wsgi:error] [pid 17762:tid 1964696608] d\xc3\xa9co1
[Mon Apr 06 19:51:18.426094 2020] [wsgi:error] [pid 17762:tid 1964696608] ---- Liste boutons html ----
[Mon Apr 06 19:51:18.426156 2020] [wsgi:error] [pid 17762:tid 1964696608] bar.eteindre = True
[Mon Apr 06 19:51:18.426216 2020] [wsgi:error] [pid 17762:tid 1964696608] bar.allumer = False
[Mon Apr 06 19:51:18.426261 2020] [wsgi:error] [pid 17762:tid 1964696608] bar.d\xc3\xa9co1 = False
[Mon Apr 06 19:51:18.426305 2020] [wsgi:error] [pid 17762:tid 1964696608] cuisine.eteindre = True
[Mon Apr 06 19:51:18.426349 2020] [wsgi:error] [pid 17762:tid 1964696608] cuisine.allumer = False
[Mon Apr 06 19:51:18.426393 2020] [wsgi:error] [pid 17762:tid 1964696608] cuisine.d\xc3\xa9co1 = False
[Mon Apr 06 19:51:18.426437 2020] [wsgi:error] [pid 17762:tid 1964696608] billard.eteindre = True
[Mon Apr 06 19:51:18.426480 2020] [wsgi:error] [pid 17762:tid 1964696608] billard.allumer = False
[Mon Apr 06 19:51:18.426524 2020] [wsgi:error] [pid 17762:tid 1964696608] billard.d\xc3\xa9co1 = False
[Mon Apr 06 19:51:18.426569 2020] [wsgi:error] [pid 17762:tid 1964696608] salon.eteindre = True
[Mon Apr 06 19:51:18.426612 2020] [wsgi:error] [pid 17762:tid 1964696608] salon.allumer = False
[Mon Apr 06 19:51:18.426655 2020] [wsgi:error] [pid 17762:tid 1964696608] salon.d\xc3\xa9co1 = False
[Mon Apr 06 19:51:18.441698 2020] [wsgi:error] [pid 17762:tid 1964696608] [remote 192.168.1.13:48096] /home/pi/maison/web_app/site_maison.py:18: FlaskWTFDeprecationWarning: "flask_wtf.Form" has been renamed to "FlaskForm" and will be removed in 1.0.
[Mon Apr 06 19:51:18.441781 2020] [wsgi:error] [pid 17762:tid 1964696608] [remote 192.168.1.13:48096]   form = Formulaire()
[Mon Apr 06 19:51:18.443457 2020] [wsgi:error] [pid 17762:tid 1964696608] [remote 192.168.1.13:48096] bar.eteindre
[Mon Apr 06 19:51:18.443508 2020] [wsgi:error] [pid 17762:tid 1964696608] [remote 192.168.1.13:48096] bar.allumer
[Mon Apr 06 19:51:18.443545 2020] [wsgi:error] [pid 17762:tid 1964696608] [remote 192.168.1.13:48096] bar.d\xc3\xa9co1
[Mon Apr 06 19:51:18.443581 2020] [wsgi:error] [pid 17762:tid 1964696608] [remote 192.168.1.13:48096] cuisine.eteindre
[Mon Apr 06 19:51:18.443615 2020] [wsgi:error] [pid 17762:tid 1964696608] [remote 192.168.1.13:48096] cuisine.allumer
[Mon Apr 06 19:51:18.443648 2020] [wsgi:error] [pid 17762:tid 1964696608] [remote 192.168.1.13:48096] cuisine.d\xc3\xa9co1
[Mon Apr 06 19:51:18.443681 2020] [wsgi:error] [pid 17762:tid 1964696608] [remote 192.168.1.13:48096] billard.eteindre
[Mon Apr 06 19:51:18.443716 2020] [wsgi:error] [pid 17762:tid 1964696608] [remote 192.168.1.13:48096] billard.allumer
[Mon Apr 06 19:51:18.443749 2020] [wsgi:error] [pid 17762:tid 1964696608] [remote 192.168.1.13:48096] billard.d\xc3\xa9co1
[Mon Apr 06 19:51:18.443852 2020] [wsgi:error] [pid 17762:tid 1964696608] [remote 192.168.1.13:48096] salon.eteindre
[Mon Apr 06 19:51:18.443890 2020] [wsgi:error] [pid 17762:tid 1964696608] [remote 192.168.1.13:48096] salon.allumer
[Mon Apr 06 19:51:18.443924 2020] [wsgi:error] [pid 17762:tid 1964696608] [remote 192.168.1.13:48096] salon.d\xc3\xa9co1
[Mon Apr 06 21:39:26.726456 2020] [wsgi:error] [pid 17762:tid 1882190880] oooooooouuuuuuuuuuiiiiiiiiii
[Mon Apr 06 21:39:26.726708 2020] [wsgi:error] [pid 17762:tid 1882190880] <generator object Bus_ports_extender.read at 0x70cc4730>
[Mon Apr 06 21:39:26.726808 2020] [wsgi:error] [pid 17762:tid 1882190880] oooooooouuuuuuuuuuiiiiiiiiii
[Mon Apr 06 21:39:26.727379 2020] [wsgi:error] [pid 17762:tid 1882190880] data =10000000
[Mon Apr 06 21:39:26.727462 2020] [wsgi:error] [pid 17762:tid 1882190880] 1
[Mon Apr 06 21:39:26.727559 2020] [wsgi:error] [pid 17762:tid 1882190880] [1]
[Mon Apr 06 21:39:26.727627 2020] [wsgi:error] [pid 17762:tid 1882190880] bas_escalier_\xc3\xa9tage
[Mon Apr 06 21:39:26.727710 2020] [wsgi:error] [pid 17762:tid 1882190880] allumer
[Mon Apr 06 21:39:26.727773 2020] [wsgi:error] [pid 17762:tid 1882190880] False
[Mon Apr 06 21:39:26.727828 2020] [wsgi:error] [pid 17762:tid 1882190880] ok
[Mon Apr 06 21:39:26.727866 2020] [wsgi:error] [pid 17762:tid 1882190880] allumer
[Mon Apr 06 21:39:26.727921 2020] [wsgi:error] [pid 17762:tid 1882190880] ok
[Mon Apr 06 21:39:26.728946 2020] [wsgi:error] [pid 17762:tid 1882190880] eteindre
[Mon Apr 06 21:39:26.729049 2020] [wsgi:error] [pid 17762:tid 1892279328] liste barrier =  [1, 1, 1, 2]
[Mon Apr 06 21:39:26.730835 2020] [wsgi:error] [pid 17762:tid 1871705120] on ecrit donc 10111111 dans resgistre 0x12 port 0x21
[Mon Apr 06 21:39:26.731862 2020] [wsgi:error] [pid 17762:tid 1871705120] oooookkkk
[Mon Apr 06 21:39:26.732097 2020] [wsgi:error] [pid 17762:tid 1861219360] couleur =  0x000000  couleur voulut =  0xff0000
[Mon Apr 06 21:39:26.732523 2020] [wsgi:error] [pid 17762:tid 1861219360] 0xff0000
[Mon Apr 06 21:39:26.732789 2020] [wsgi:error] [pid 17762:tid 1861219360] 0x000000
[Mon Apr 06 21:39:26.735410 2020] [wsgi:error] [pid 17762:tid 1861219360] on ecrit donc 11101111 dans resgistre 0x13 port 0x21
[Mon Apr 06 21:39:26.735627 2020] [wsgi:error] [pid 17762:tid 1850733600] couleur =  0x000000  couleur voulut =  0xff0000
[Mon Apr 06 21:39:26.736338 2020] [wsgi:error] [pid 17762:tid 1850733600] 0xff0000
[Mon Apr 06 21:39:26.736671 2020] [wsgi:error] [pid 17762:tid 1850733600] 0x000000
[Mon Apr 06 21:39:27.739715 2020] [wsgi:error] [pid 17762:tid 1871705120] on ecrit donc 00111111 dans resgistre 0x12 port 0x21
[Mon Apr 06 21:39:27.741103 2020] [wsgi:error] [pid 17762:tid 1871705120] oooookkkk
[Mon Apr 06 21:39:28.731431 2020] [wsgi:error] [pid 17762:tid 1882190880] oooooooouuuuuuuuuuiiiiiiiiii
[Mon Apr 06 21:39:28.731700 2020] [wsgi:error] [pid 17762:tid 1882190880] <generator object Bus_ports_extender.read at 0x70cc4730>
[Mon Apr 06 21:39:28.731822 2020] [wsgi:error] [pid 17762:tid 1882190880] oooooooouuuuuuuuuuiiiiiiiiii
[Mon Apr 06 21:39:28.732764 2020] [wsgi:error] [pid 17762:tid 1882190880] data =00000000
[Mon Apr 06 21:39:28.742864 2020] [wsgi:error] [pid 17762:tid 1871705120] on ecrit donc 11101011 dans resgistre 0x13 port 0x21
[Mon Apr 06 21:39:28.743741 2020] [wsgi:error] [pid 17762:tid 1871705120] oooookkkk
[Mon Apr 06 21:39:52.774692 2020] [wsgi:error] [pid 17762:tid 1882190880] oooooooouuuuuuuuuuiiiiiiiiii
[Mon Apr 06 21:39:52.774886 2020] [wsgi:error] [pid 17762:tid 1882190880] <generator object Bus_ports_extender.read at 0x70cc4730>
[Mon Apr 06 21:39:52.774962 2020] [wsgi:error] [pid 17762:tid 1882190880] oooooooouuuuuuuuuuiiiiiiiiii
[Mon Apr 06 21:39:52.775536 2020] [wsgi:error] [pid 17762:tid 1882190880] data =00000000
[Mon Apr 06 21:39:52.775687 2020] [wsgi:error] [pid 17762:tid 1882190880] oooooooouuuuuuuuuuiiiiiiiiii
[Mon Apr 06 21:39:52.775785 2020] [wsgi:error] [pid 17762:tid 1882190880] <generator object Bus_ports_extender.read at 0x70cc4730>
[Mon Apr 06 21:39:52.775840 2020] [wsgi:error] [pid 17762:tid 1882190880] oooooooouuuuuuuuuuiiiiiiiiii
[Mon Apr 06 21:39:52.776376 2020] [wsgi:error] [pid 17762:tid 1882190880] data =00000000
[Mon Apr 06 21:39:52.777683 2020] [wsgi:error] [pid 17762:tid 1882190880] oooooooouuuuuuuuuuiiiiiiiiii
[Mon Apr 06 21:39:52.777760 2020] [wsgi:error] [pid 17762:tid 1882190880] <generator object Bus_ports_extender.read at 0x70cc4730>
[Mon Apr 06 21:39:52.777868 2020] [wsgi:error] [pid 17762:tid 1882190880] oooooooouuuuuuuuuuiiiiiiiiii
[Mon Apr 06 21:39:52.778531 2020] [wsgi:error] [pid 17762:tid 1882190880] data =10000000
[Mon Apr 06 21:39:52.778626 2020] [wsgi:error] [pid 17762:tid 1882190880] 1
[Mon Apr 06 21:39:52.778704 2020] [wsgi:error] [pid 17762:tid 1882190880] [1]
[Mon Apr 06 21:39:52.778810 2020] [wsgi:error] [pid 17762:tid 1882190880] bas_escalier_\xc3\xa9tage
[Mon Apr 06 21:39:52.778883 2020] [wsgi:error] [pid 17762:tid 1882190880] eteindre
[Mon Apr 06 21:39:52.778923 2020] [wsgi:error] [pid 17762:tid 1882190880] False
[Mon Apr 06 21:39:52.778957 2020] [wsgi:error] [pid 17762:tid 1882190880] ok
[Mon Apr 06 21:39:52.779012 2020] [wsgi:error] [pid 17762:tid 1882190880] eteindre
[Mon Apr 06 21:39:52.779049 2020] [wsgi:error] [pid 17762:tid 1882190880] ok
[Mon Apr 06 21:39:52.779717 2020] [wsgi:error] [pid 17762:tid 1871705120] liste barrier =  [1, 1, 1, 1, 1, 0]
[Mon Apr 06 21:39:52.780933 2020] [wsgi:error] [pid 17762:tid 1882190880] allumer
[Mon Apr 06 21:39:52.781168 2020] [wsgi:error] [pid 17762:tid 1840247840] couleur =  0x000000  couleur voulut =  0x000000
[Mon Apr 06 21:39:52.781829 2020] [wsgi:error] [pid 17762:tid 1840247840] on fait rien
[Mon Apr 06 21:39:52.782038 2020] [wsgi:error] [pid 17762:tid 1831855136] couleur =  0x000000  couleur voulut =  0x000000
[Mon Apr 06 21:39:52.783376 2020] [wsgi:error] [pid 17762:tid 1840247840] on ecrit donc 11101111 dans resgistre 0x13 port 0x21
[Mon Apr 06 21:39:52.783510 2020] [wsgi:error] [pid 17762:tid 1831855136] on fait rien
[Mon Apr 06 21:39:52.784401 2020] [wsgi:error] [pid 17762:tid 1840247840] oooookkkk
[Mon Apr 06 21:39:53.786446 2020] [wsgi:error] [pid 17762:tid 1840247840] on ecrit donc 10111111 dans resgistre 0x12 port 0x21
[Mon Apr 06 21:39:53.787324 2020] [wsgi:error] [pid 17762:tid 1840247840] oooookkkk
[Mon Apr 06 21:39:54.783544 2020] [wsgi:error] [pid 17762:tid 1882190880] oooooooouuuuuuuuuuiiiiiiiiii
[Mon Apr 06 21:39:54.783856 2020] [wsgi:error] [pid 17762:tid 1882190880] <generator object Bus_ports_extender.read at 0x70cc4730>
[Mon Apr 06 21:39:54.783991 2020] [wsgi:error] [pid 17762:tid 1882190880] oooooooouuuuuuuuuuiiiiiiiiii
[Mon Apr 06 21:39:54.784924 2020] [wsgi:error] [pid 17762:tid 1882190880] data =00000000
[Mon Apr 06 21:39:54.789426 2020] [wsgi:error] [pid 17762:tid 1840247840] on ecrit donc 11111111 dans resgistre 0x12 port 0x21
[Mon Apr 06 21:39:54.790324 2020] [wsgi:error] [pid 17762:tid 1840247840] oooookkkk
[Mon Apr 06 21:40:05.429110 2020] [wsgi:error] [pid 17762:tid 1882190880] oooooooouuuuuuuuuuiiiiiiiiii
[Mon Apr 06 21:40:05.429418 2020] [wsgi:error] [pid 17762:tid 1882190880] <generator object Bus_ports_extender.read at 0x70cc4730>
[Mon Apr 06 21:40:05.429555 2020] [wsgi:error] [pid 17762:tid 1882190880] oooooooouuuuuuuuuuiiiiiiiiii
[Mon Apr 06 21:40:05.430479 2020] [wsgi:error] [pid 17762:tid 1882190880] data =10000000
[Mon Apr 06 21:40:05.430623 2020] [wsgi:error] [pid 17762:tid 1882190880] 1
[Mon Apr 06 21:40:05.430754 2020] [wsgi:error] [pid 17762:tid 1882190880] [1]
[Mon Apr 06 21:40:05.430908 2020] [wsgi:error] [pid 17762:tid 1882190880] bas_escalier_\xc3\xa9tage
[Mon Apr 06 21:40:05.431138 2020] [wsgi:error] [pid 17762:tid 1882190880] allumer
[Mon Apr 06 21:40:05.431345 2020] [wsgi:error] [pid 17762:tid 1882190880] False
[Mon Apr 06 21:40:05.431745 2020] [wsgi:error] [pid 17762:tid 1882190880] ok
[Mon Apr 06 21:40:05.431929 2020] [wsgi:error] [pid 17762:tid 1882190880] allumer
[Mon Apr 06 21:40:05.432127 2020] [wsgi:error] [pid 17762:tid 1882190880] ok
[Mon Apr 06 21:40:05.433232 2020] [wsgi:error] [pid 17762:tid 1871705120] liste barrier =  [1, 1, 1, 2]
[Mon Apr 06 21:40:05.433674 2020] [wsgi:error] [pid 17762:tid 1882190880] eteindre
[Mon Apr 06 21:40:05.436398 2020] [wsgi:error] [pid 17762:tid 1840247840] on ecrit donc 10111111 dans resgistre 0x12 port 0x21
[Mon Apr 06 21:40:05.437763 2020] [wsgi:error] [pid 17762:tid 1840247840] oooookkkk
[Mon Apr 06 21:40:05.438122 2020] [wsgi:error] [pid 17762:tid 1831855136] couleur =  0x000000  couleur voulut =  0xff0000
[Mon Apr 06 21:40:05.439272 2020] [wsgi:error] [pid 17762:tid 1831855136] 0xff0000
[Mon Apr 06 21:40:05.439719 2020] [wsgi:error] [pid 17762:tid 1840247840] couleur =  0x000000  couleur voulut =  0xff0000
[Mon Apr 06 21:40:05.439962 2020] [wsgi:error] [pid 17762:tid 1831855136] 0x000000
[Mon Apr 06 21:40:05.443705 2020] [wsgi:error] [pid 17762:tid 1840247840] 0xff0000
[Mon Apr 06 21:40:05.444400 2020] [wsgi:error] [pid 17762:tid 1840247840] 0x000000
[Mon Apr 06 21:40:05.477971 2020] [wsgi:error] [pid 17762:tid 1831855136] led_escalier_haut n'arrive pas a se connecter 
[Mon Apr 06 21:40:05.533973 2020] [wsgi:error] [pid 17762:tid 1840247840] led_escalier_bas n'arrive pas a se connecter 
[Mon Apr 06 21:40:06.446026 2020] [wsgi:error] [pid 17762:tid 1823462432] on ecrit donc 00111111 dans resgistre 0x12 port 0x21
[Mon Apr 06 21:40:06.446570 2020] [wsgi:error] [pid 17762:tid 1823462432] oooookkkk
[Mon Apr 06 21:40:06.496742 2020] [wsgi:error] [pid 17762:tid 1831855136] led_escalier_haut n'arrive pas a se connecter 
[Mon Apr 06 21:40:06.552758 2020] [wsgi:error] [pid 17762:tid 1840247840] led_escalier_bas n'arrive pas a se connecter 
[Mon Apr 06 21:40:07.137514 2020] [wsgi:error] [pid 17762:tid 1850733600] led_escalier_bas n'arrive pas a se connecter 
[Mon Apr 06 21:40:07.137757 2020] [wsgi:error] [pid 17762:tid 1861219360] led_escalier_haut n'arrive pas a se connecter 
[Mon Apr 06 21:40:07.437530 2020] [wsgi:error] [pid 17762:tid 1882190880] oooooooouuuuuuuuuuiiiiiiiiii
[Mon Apr 06 21:40:07.437690 2020] [wsgi:error] [pid 17762:tid 1882190880] <generator object Bus_ports_extender.read at 0x70cc4730>
[Mon Apr 06 21:40:07.437754 2020] [wsgi:error] [pid 17762:tid 1882190880] oooooooouuuuuuuuuuiiiiiiiiii
[Mon Apr 06 21:40:07.438342 2020] [wsgi:error] [pid 17762:tid 1882190880] data =00000000
[Mon Apr 06 21:40:07.448433 2020] [wsgi:error] [pid 17762:tid 1823462432] on ecrit donc 11101011 dans resgistre 0x13 port 0x21
[Mon Apr 06 21:40:07.448940 2020] [wsgi:error] [pid 17762:tid 1823462432] oooookkkk
[Mon Apr 06 21:40:08.174090 2020] [wsgi:error] [pid 17762:tid 1850733600] led_escalier_bas n'arrive pas a se connecter 
[Mon Apr 06 21:40:08.180687 2020] [wsgi:error] [pid 17762:tid 1861219360] led_escalier_haut n'arrive pas a se connecter 
[Mon Apr 06 21:40:09.195058 2020] [wsgi:error] [pid 17762:tid 1850733600] led_escalier_bas n'arrive pas a se connecter 
[Mon Apr 06 21:40:09.201976 2020] [wsgi:error] [pid 17762:tid 1861219360] led_escalier_haut n'arrive pas a se connecter 
[Mon Apr 06 21:40:10.216110 2020] [wsgi:error] [pid 17762:tid 1850733600] led_escalier_bas n'arrive pas a se connecter 
[Mon Apr 06 21:40:10.223166 2020] [wsgi:error] [pid 17762:tid 1861219360] led_escalier_haut n'arrive pas a se connecter 
[Mon Apr 06 21:40:10.726746 2020] [wsgi:error] [pid 17762:tid 1882190880] oooooooouuuuuuuuuuiiiiiiiiii
[Mon Apr 06 21:40:10.726966 2020] [wsgi:error] [pid 17762:tid 1882190880] <generator object Bus_ports_extender.read at 0x70cc4770>
[Mon Apr 06 21:40:10.728251 2020] [wsgi:error] [pid 17762:tid 1882190880] oooooooouuuuuuuuuuiiiiiiiiii
[Mon Apr 06 21:40:10.728905 2020] [wsgi:error] [pid 17762:tid 1882190880] data =10000000
[Mon Apr 06 21:40:10.728997 2020] [wsgi:error] [pid 17762:tid 1882190880] 1
[Mon Apr 06 21:40:10.729084 2020] [wsgi:error] [pid 17762:tid 1882190880] [1]
[Mon Apr 06 21:40:10.729192 2020] [wsgi:error] [pid 17762:tid 1882190880] bas_escalier_\xc3\xa9tage
[Mon Apr 06 21:40:10.729281 2020] [wsgi:error] [pid 17762:tid 1882190880] eteindre
[Mon Apr 06 21:40:10.729380 2020] [wsgi:error] [pid 17762:tid 1882190880] False
[Mon Apr 06 21:40:10.729422 2020] [wsgi:error] [pid 17762:tid 1882190880] ok
[Mon Apr 06 21:40:10.729497 2020] [wsgi:error] [pid 17762:tid 1882190880] eteindre
[Mon Apr 06 21:40:10.729536 2020] [wsgi:error] [pid 17762:tid 1882190880] ok
[Mon Apr 06 21:40:10.730487 2020] [wsgi:error] [pid 17762:tid 1823462432] liste barrier =  [1, 1, 1, 1, 1, 0]
[Mon Apr 06 21:40:10.730610 2020] [wsgi:error] [pid 17762:tid 1882190880] allumer
[Mon Apr 06 21:40:10.732033 2020] [wsgi:error] [pid 17762:tid 1815069728] couleur =  0x000000  couleur voulut =  0x000000
[Mon Apr 06 21:40:10.732745 2020] [wsgi:error] [pid 17762:tid 1806677024] couleur =  0x000000  couleur voulut =  0x000000
[Mon Apr 06 21:40:10.732838 2020] [wsgi:error] [pid 17762:tid 1815069728] on fait rien
[Mon Apr 06 21:40:10.733516 2020] [wsgi:error] [pid 17762:tid 1806677024] on fait rien
[Mon Apr 06 21:40:10.734549 2020] [wsgi:error] [pid 17762:tid 1798284320] on ecrit donc 11101111 dans resgistre 0x13 port 0x21
[Mon Apr 06 21:40:10.735199 2020] [wsgi:error] [pid 17762:tid 1798284320] oooookkkk
[Mon Apr 06 21:40:11.253916 2020] [wsgi:error] [pid 17762:tid 1850733600] led_escalier_bas n'arrive pas a se connecter 
[Mon Apr 06 21:40:11.270681 2020] [wsgi:error] [pid 17762:tid 1861219360] led_escalier_haut n'arrive pas a se connecter 
[Mon Apr 06 21:40:11.737264 2020] [wsgi:error] [pid 17762:tid 1798284320] on ecrit donc 10111111 dans resgistre 0x12 port 0x21
[Mon Apr 06 21:40:11.737819 2020] [wsgi:error] [pid 17762:tid 1798284320] oooookkkk
[Mon Apr 06 21:40:12.291144 2020] [wsgi:error] [pid 17762:tid 1850733600] led_escalier_bas n'arrive pas a se connecter 
[Mon Apr 06 21:40:12.305644 2020] [wsgi:error] [pid 17762:tid 1861219360] led_escalier_haut n'arrive pas a se connecter 
[Mon Apr 06 21:40:12.732932 2020] [wsgi:error] [pid 17762:tid 1882190880] oooooooouuuuuuuuuuiiiiiiiiii
[Mon Apr 06 21:40:12.733095 2020] [wsgi:error] [pid 17762:tid 1882190880] <generator object Bus_ports_extender.read at 0x70cc4770>
[Mon Apr 06 21:40:12.733571 2020] [wsgi:error] [pid 17762:tid 1882190880] oooooooouuuuuuuuuuiiiiiiiiii
[Mon Apr 06 21:40:12.734391 2020] [wsgi:error] [pid 17762:tid 1882190880] data =00000000
[Mon Apr 06 21:40:12.739747 2020] [wsgi:error] [pid 17762:tid 1798284320] on ecrit donc 11111111 dans resgistre 0x12 port 0x21
[Mon Apr 06 21:40:12.740408 2020] [wsgi:error] [pid 17762:tid 1798284320] oooookkkk
[Mon Apr 06 21:40:13.315759 2020] [wsgi:error] [pid 17762:tid 1850733600] led_escalier_bas n'arrive pas a se connecter 
[Mon Apr 06 21:40:13.325269 2020] [wsgi:error] [pid 17762:tid 1861219360] led_escalier_haut n'arrive pas a se connecter 
[Mon Apr 06 21:40:14.337691 2020] [wsgi:error] [pid 17762:tid 1850733600] led_escalier_bas n'arrive pas a se connecter 
[Mon Apr 06 21:40:14.345657 2020] [wsgi:error] [pid 17762:tid 1861219360] led_escalier_haut n'arrive pas a se connecter 
[Mon Apr 06 21:40:15.372241 2020] [wsgi:error] [pid 17762:tid 1850733600] led_escalier_bas n'arrive pas a se connecter 
[Mon Apr 06 21:40:15.382971 2020] [wsgi:error] [pid 17762:tid 1861219360] led_escalier_haut n'arrive pas a se connecter 
[Mon Apr 06 21:40:16.408229 2020] [wsgi:error] [pid 17762:tid 1850733600] led_escalier_bas n'arrive pas a se connecter 
[Mon Apr 06 21:40:16.419371 2020] [wsgi:error] [pid 17762:tid 1861219360] led_escalier_haut n'arrive pas a se connecter 
[Mon Apr 06 21:40:17.411322 2020] [wsgi:error] [pid 17762:tid 1850733600] l'instruction sur led_escalier_bas a plant\xc3\xa9
[Mon Apr 06 21:40:17.411655 2020] [wsgi:error] [pid 17762:tid 1850733600] on attend
[Mon Apr 06 21:40:17.411796 2020] [wsgi:error] [pid 17762:tid 1850733600] on part !!!
[Mon Apr 06 21:40:17.420804 2020] [wsgi:error] [pid 17762:tid 1861219360] l'instruction sur led_escalier_haut a plant\xc3\xa9
[Mon Apr 06 21:40:17.421051 2020] [wsgi:error] [pid 17762:tid 1861219360] on attend
[Mon Apr 06 21:40:17.421241 2020] [wsgi:error] [pid 17762:tid 1861219360] on part !!!
[Mon Apr 06 21:40:20.012271 2020] [wsgi:error] [pid 17762:tid 1882190880] oooooooouuuuuuuuuuiiiiiiiiii
[Mon Apr 06 21:40:20.012462 2020] [wsgi:error] [pid 17762:tid 1882190880] <generator object Bus_ports_extender.read at 0x70cc4770>
[Mon Apr 06 21:40:20.012548 2020] [wsgi:error] [pid 17762:tid 1882190880] oooooooouuuuuuuuuuiiiiiiiiii
[Mon Apr 06 21:40:20.013141 2020] [wsgi:error] [pid 17762:tid 1882190880] data =00000000
[Mon Apr 06 21:40:20.013299 2020] [wsgi:error] [pid 17762:tid 1882190880] oooooooouuuuuuuuuuiiiiiiiiii
[Mon Apr 06 21:40:20.013363 2020] [wsgi:error] [pid 17762:tid 1882190880] <generator object Bus_ports_extender.read at 0x70cc4770>
[Mon Apr 06 21:40:20.013468 2020] [wsgi:error] [pid 17762:tid 1882190880] oooooooouuuuuuuuuuiiiiiiiiii
[Mon Apr 06 21:40:20.014011 2020] [wsgi:error] [pid 17762:tid 1882190880] data =00000000
[Mon Apr 06 21:40:20.015441 2020] [wsgi:error] [pid 17762:tid 1882190880] oooooooouuuuuuuuuuiiiiiiiiii
[Mon Apr 06 21:40:20.015532 2020] [wsgi:error] [pid 17762:tid 1882190880] <generator object Bus_ports_extender.read at 0x70cc4770>
[Mon Apr 06 21:40:20.015590 2020] [wsgi:error] [pid 17762:tid 1882190880] oooooooouuuuuuuuuuiiiiiiiiii
[Mon Apr 06 21:40:20.016122 2020] [wsgi:error] [pid 17762:tid 1882190880] data =10000000
[Mon Apr 06 21:40:20.016211 2020] [wsgi:error] [pid 17762:tid 1882190880] 1
[Mon Apr 06 21:40:20.016290 2020] [wsgi:error] [pid 17762:tid 1882190880] [1]
[Mon Apr 06 21:40:20.016388 2020] [wsgi:error] [pid 17762:tid 1882190880] bas_escalier_\xc3\xa9tage
[Mon Apr 06 21:40:20.016443 2020] [wsgi:error] [pid 17762:tid 1882190880] allumer
[Mon Apr 06 21:40:20.016503 2020] [wsgi:error] [pid 17762:tid 1882190880] False
[Mon Apr 06 21:40:20.016540 2020] [wsgi:error] [pid 17762:tid 1882190880] ok
[Mon Apr 06 21:40:20.016577 2020] [wsgi:error] [pid 17762:tid 1882190880] allumer
[Mon Apr 06 21:40:20.016628 2020] [wsgi:error] [pid 17762:tid 1882190880] ok
[Mon Apr 06 21:40:20.017321 2020] [wsgi:error] [pid 17762:tid 1892279328] liste barrier =  [1, 1, 1, 2]
[Mon Apr 06 21:40:20.017417 2020] [wsgi:error] [pid 17762:tid 1882190880] eteindre
[Mon Apr 06 21:40:20.019003 2020] [wsgi:error] [pid 17762:tid 1850733600] on ecrit donc 10111111 dans resgistre 0x12 port 0x21
[Mon Apr 06 21:40:20.019864 2020] [wsgi:error] [pid 17762:tid 1850733600] oooookkkk
[Mon Apr 06 21:40:20.020063 2020] [wsgi:error] [pid 17762:tid 1861219360] couleur =  0x000000  couleur voulut =  0xff0000
[Mon Apr 06 21:40:20.020760 2020] [wsgi:error] [pid 17762:tid 1861219360] 0xff0000
[Mon Apr 06 21:40:20.020962 2020] [wsgi:error] [pid 17762:tid 1850733600] couleur =  0x000000  couleur voulut =  0xff0000
[Mon Apr 06 21:40:20.021148 2020] [wsgi:error] [pid 17762:tid 1861219360] 0x000000
[Mon Apr 06 21:40:20.022860 2020] [wsgi:error] [pid 17762:tid 1850733600] 0xff0000
[Mon Apr 06 21:40:20.023197 2020] [wsgi:error] [pid 17762:tid 1850733600] 0x000000
[Mon Apr 06 21:40:20.045338 2020] [wsgi:error] [pid 17762:tid 1861219360] led_escalier_haut n'arrive pas a se connecter 
[Mon Apr 06 21:40:20.051832 2020] [wsgi:error] [pid 17762:tid 1850733600] led_escalier_bas n'arrive pas a se connecter 
[Mon Apr 06 21:40:21.026808 2020] [wsgi:error] [pid 17762:tid 1823462432] on ecrit donc 00111111 dans resgistre 0x12 port 0x21
[Mon Apr 06 21:40:21.027688 2020] [wsgi:error] [pid 17762:tid 1823462432] oooookkkk
[Mon Apr 06 21:40:21.081076 2020] [wsgi:error] [pid 17762:tid 1861219360] led_escalier_haut n'arrive pas a se connecter 
[Mon Apr 06 21:40:21.090576 2020] [wsgi:error] [pid 17762:tid 1850733600] led_escalier_bas n'arrive pas a se connecter 
[Mon Apr 06 21:40:22.020748 2020] [wsgi:error] [pid 17762:tid 1882190880] oooooooouuuuuuuuuuiiiiiiiiii
[Mon Apr 06 21:40:22.021198 2020] [wsgi:error] [pid 17762:tid 1882190880] <generator object Bus_ports_extender.read at 0x70cc4770>
[Mon Apr 06 21:40:22.021486 2020] [wsgi:error] [pid 17762:tid 1882190880] oooooooouuuuuuuuuuiiiiiiiiii
[Mon Apr 06 21:40:22.022574 2020] [wsgi:error] [pid 17762:tid 1882190880] data =00000000
[Mon Apr 06 21:40:22.030439 2020] [wsgi:error] [pid 17762:tid 1823462432] on ecrit donc 11101011 dans resgistre 0x13 port 0x21
[Mon Apr 06 21:40:22.031281 2020] [wsgi:error] [pid 17762:tid 1823462432] oooookkkk
[Mon Apr 06 21:40:22.116754 2020] [wsgi:error] [pid 17762:tid 1861219360] led_escalier_haut n'arrive pas a se connecter 
[Mon Apr 06 21:40:22.129381 2020] [wsgi:error] [pid 17762:tid 1850733600] led_escalier_bas n'arrive pas a se connecter 
[Mon Apr 06 21:40:23.152048 2020] [wsgi:error] [pid 17762:tid 1861219360] led_escalier_haut n'arrive pas a se connecter 
[Mon Apr 06 21:40:23.164400 2020] [wsgi:error] [pid 17762:tid 1850733600] led_escalier_bas n'arrive pas a se connecter 
[Mon Apr 06 21:40:24.175188 2020] [wsgi:error] [pid 17762:tid 1861219360] led_escalier_haut n'arrive pas a se connecter 
[Mon Apr 06 21:40:24.184288 2020] [wsgi:error] [pid 17762:tid 1850733600] led_escalier_bas n'arrive pas a se connecter 
[Mon Apr 06 21:40:25.196774 2020] [wsgi:error] [pid 17762:tid 1861219360] led_escalier_haut n'arrive pas a se connecter 
[Mon Apr 06 21:40:25.205534 2020] [wsgi:error] [pid 17762:tid 1850733600] led_escalier_bas n'arrive pas a se connecter 
[Mon Apr 06 21:40:26.218549 2020] [wsgi:error] [pid 17762:tid 1861219360] led_escalier_haut n'arrive pas a se connecter 
[Mon Apr 06 21:40:26.227524 2020] [wsgi:error] [pid 17762:tid 1850733600] led_escalier_bas n'arrive pas a se connecter 
[Mon Apr 06 21:40:27.254783 2020] [wsgi:error] [pid 17762:tid 1861219360] led_escalier_haut n'arrive pas a se connecter 
[Mon Apr 06 21:40:27.264086 2020] [wsgi:error] [pid 17762:tid 1850733600] led_escalier_bas n'arrive pas a se connecter 
[Mon Apr 06 21:40:28.292948 2020] [wsgi:error] [pid 17762:tid 1861219360] led_escalier_haut n'arrive pas a se connecter 
[Mon Apr 06 21:40:28.302255 2020] [wsgi:error] [pid 17762:tid 1850733600] led_escalier_bas n'arrive pas a se connecter 
[Mon Apr 06 21:40:29.329419 2020] [wsgi:error] [pid 17762:tid 1861219360] led_escalier_haut n'arrive pas a se connecter 
[Mon Apr 06 21:40:29.338488 2020] [wsgi:error] [pid 17762:tid 1850733600] led_escalier_bas n'arrive pas a se connecter 
[Mon Apr 06 21:40:30.331458 2020] [wsgi:error] [pid 17762:tid 1861219360] l'instruction sur led_escalier_haut a plant\xc3\xa9
[Mon Apr 06 21:40:30.332107 2020] [wsgi:error] [pid 17762:tid 1861219360] on attend
[Mon Apr 06 21:40:30.332459 2020] [wsgi:error] [pid 17762:tid 1861219360] on part !!!
[Mon Apr 06 21:40:30.339742 2020] [wsgi:error] [pid 17762:tid 1850733600] l'instruction sur led_escalier_bas a plant\xc3\xa9
[Mon Apr 06 21:40:30.339914 2020] [wsgi:error] [pid 17762:tid 1850733600] on attend
[Mon Apr 06 21:40:30.340098 2020] [wsgi:error] [pid 17762:tid 1850733600] on part !!!
[Mon Apr 06 21:40:48.095912 2020] [wsgi:error] [pid 17762:tid 1831855136] led_escalier_haut n'arrive pas a se connecter 
[Mon Apr 06 21:40:48.096671 2020] [wsgi:error] [pid 17762:tid 1840247840] led_escalier_bas n'arrive pas a se connecter 
[Mon Apr 06 21:41:29.697240 2020] [wsgi:error] [pid 17762:tid 1831855136] led_escalier_haut n'arrive pas a se connecter 
[Mon Apr 06 21:41:29.699532 2020] [wsgi:error] [pid 17762:tid 1840247840] led_escalier_bas n'arrive pas a se connecter 
[Mon Apr 06 21:42:11.297581 2020] [wsgi:error] [pid 17762:tid 1831855136] led_escalier_haut n'arrive pas a se connecter 
[Mon Apr 06 21:42:11.297855 2020] [wsgi:error] [pid 17762:tid 1840247840] led_escalier_bas n'arrive pas a se connecter 
[Mon Apr 06 21:42:34.091759 2020] [wsgi:error] [pid 17762:tid 1882190880] oooooooouuuuuuuuuuiiiiiiiiii
[Mon Apr 06 21:42:34.092105 2020] [wsgi:error] [pid 17762:tid 1882190880] <generator object Bus_ports_extender.read at 0x70cc4670>
[Mon Apr 06 21:42:34.092258 2020] [wsgi:error] [pid 17762:tid 1882190880] oooooooouuuuuuuuuuiiiiiiiiii
[Mon Apr 06 21:42:34.093251 2020] [wsgi:error] [pid 17762:tid 1882190880] data =10000000
[Mon Apr 06 21:42:34.093475 2020] [wsgi:error] [pid 17762:tid 1882190880] 1
[Mon Apr 06 21:42:34.093687 2020] [wsgi:error] [pid 17762:tid 1882190880] [1]
[Mon Apr 06 21:42:34.093921 2020] [wsgi:error] [pid 17762:tid 1882190880] bas_escalier_\xc3\xa9tage
[Mon Apr 06 21:42:34.094092 2020] [wsgi:error] [pid 17762:tid 1882190880] eteindre
[Mon Apr 06 21:42:34.094206 2020] [wsgi:error] [pid 17762:tid 1882190880] False
[Mon Apr 06 21:42:34.094278 2020] [wsgi:error] [pid 17762:tid 1882190880] ok
[Mon Apr 06 21:42:34.094387 2020] [wsgi:error] [pid 17762:tid 1882190880] eteindre
[Mon Apr 06 21:42:34.094460 2020] [wsgi:error] [pid 17762:tid 1882190880] ok
[Mon Apr 06 21:42:34.096404 2020] [wsgi:error] [pid 17762:tid 1892279328] liste barrier =  [1, 1, 1, 1, 1, 0]
[Mon Apr 06 21:42:34.096695 2020] [wsgi:error] [pid 17762:tid 1882190880] allumer
[Mon Apr 06 21:42:34.098976 2020] [wsgi:error] [pid 17762:tid 1850733600] couleur =  0x000000  couleur voulut =  0x000000
[Mon Apr 06 21:42:34.099914 2020] [wsgi:error] [pid 17762:tid 1850733600] on fait rien
[Mon Apr 06 21:42:34.100900 2020] [wsgi:error] [pid 17762:tid 1861219360] couleur =  0x000000  couleur voulut =  0x000000
[Mon Apr 06 21:42:34.101970 2020] [wsgi:error] [pid 17762:tid 1861219360] on fait rien
[Mon Apr 06 21:42:34.103255 2020] [wsgi:error] [pid 17762:tid 1850733600] on ecrit donc 11101111 dans resgistre 0x13 port 0x21
[Mon Apr 06 21:42:34.104964 2020] [wsgi:error] [pid 17762:tid 1850733600] oooookkkk
[Mon Apr 06 21:42:35.107257 2020] [wsgi:error] [pid 17762:tid 1850733600] on ecrit donc 10111111 dans resgistre 0x12 port 0x21
[Mon Apr 06 21:42:35.108090 2020] [wsgi:error] [pid 17762:tid 1850733600] oooookkkk
[Mon Apr 06 21:42:36.100911 2020] [wsgi:error] [pid 17762:tid 1882190880] oooooooouuuuuuuuuuiiiiiiiiii
[Mon Apr 06 21:42:36.101692 2020] [wsgi:error] [pid 17762:tid 1882190880] <generator object Bus_ports_extender.read at 0x70cc4670>
[Mon Apr 06 21:42:36.102172 2020] [wsgi:error] [pid 17762:tid 1882190880] oooooooouuuuuuuuuuiiiiiiiiii
[Mon Apr 06 21:42:36.103399 2020] [wsgi:error] [pid 17762:tid 1882190880] data =00000000
[Mon Apr 06 21:42:36.110239 2020] [wsgi:error] [pid 17762:tid 1850733600] on ecrit donc 11111111 dans resgistre 0x12 port 0x21
[Mon Apr 06 21:42:36.111151 2020] [wsgi:error] [pid 17762:tid 1850733600] oooookkkk
[Mon Apr 06 21:42:52.897554 2020] [wsgi:error] [pid 17762:tid 1831855136] led_escalier_haut n'arrive pas a se connecter 
[Mon Apr 06 21:42:52.897814 2020] [wsgi:error] [pid 17762:tid 1840247840] led_escalier_bas n'arrive pas a se connecter 
[Mon Apr 06 21:43:34.497686 2020] [wsgi:error] [pid 17762:tid 1831855136] led_escalier_haut n'arrive pas a se connecter 
[Mon Apr 06 21:43:34.497967 2020] [wsgi:error] [pid 17762:tid 1840247840] led_escalier_bas n'arrive pas a se connecter 
[Mon Apr 06 21:44:16.096028 2020] [wsgi:error] [pid 17762:tid 1831855136] led_escalier_haut n'arrive pas a se connecter 
[Mon Apr 06 21:44:16.096173 2020] [wsgi:error] [pid 17762:tid 1840247840] led_escalier_bas n'arrive pas a se connecter 
[Mon Apr 06 21:44:57.698107 2020] [wsgi:error] [pid 17762:tid 1831855136] led_escalier_haut n'arrive pas a se connecter 
[Mon Apr 06 21:44:57.698382 2020] [wsgi:error] [pid 17762:tid 1840247840] led_escalier_bas n'arrive pas a se connecter 
